24585 / 60906
24533 / 60796
24623 / 61001
24980 / 61912
25273 / 62645
25235 / 62550
25288 / 62675
25292 / 62625
24976 / 61963
24585 / 60906
24867 / 61683
25107 / 62243
24560 / 60862
24913 / 61769
30352 / 75061
30460 / 75280
29997 / 74142
29912 / 73916
30439 / 75254
30016 / 74181
25293 / 62680
25071 / 62174
24577 / 60896
25300 / 62700
25270 / 62638
25241 / 62577
29491 / 73043
25118 / 62281
25243 / 62566
25222 / 62534
24843 / 61611
29486 / 73036
30032 / 74199
29420 / 72858
24885 / 61710
29489 / 73036
29402 / 72819
24907 / 61756
24838 / 61605
29480 / 73268
25374 / 62854
25293 / 62675
25283 / 62647
25335 / 62772
25321 / 62742
25104 / 62195
25219 / 62533
30525 / 75483
25185 / 62455
24949 / 61885
30342 / 75111
24928 / 61791
30552 / 75577
25153 / 62408
24509 / 60740
29461 / 72959
30461 / 75279
30505 / 75456
29544 / 73434
29421 / 72879
25167 / 62385
24991 / 62008
24934 / 61783
24985 / 61964
24925 / 61779
25115 / 62291
25328 / 62704
29469 / 73248
29483 / 73300
25066 / 62111
24892 / 61691
25287 / 62653
29550 / 73443
24925 / 61725
30634 / 75795
24873 / 61683
25043 / 62100
25170 / 62411
30025 / 74158
29481 / 73270
25054 / 62119
25171 / 62427
25016 / 62011
25305 / 62692
25029 / 62046
25016 / 62051
29969 / 74099
25141 / 62352
25367 / 62821
25284 / 62654
25353 / 62805
25268 / 62632
25049 / 62147
30418 / 75208
29951 / 74026
24840 / 61609
30654 / 75822
29775 / 73727
25292 / 62610
24956 / 61889
25144 / 62341
28634 / 70715
25335 / 62772
24931 / 61780
24960 / 61929
25118 / 62317
25239 / 62570
29449 / 72949
25316 / 62720
25237 / 62499
25304 / 62706
25323 / 62741
29551 / 73168
25072 / 62172
30518 / 75467
29988 / 74125
25091 / 62216
29308 / 72944
25118 / 62302
24950 / 61891
24913 / 61780
25092 / 62219
25078 / 62192
25368 / 62843
25285 / 62647
24884 / 61712
25215 / 62451
28637 / 70723
25277 / 62586
30572 / 75604
25080 / 62194
25304 / 62717
25136 / 62348
25368 / 62843
25288 / 62660
25271 / 62631
25236 / 62564
25353 / 62757
25010 / 62021
25335 / 62772
25052 / 62121
25035 / 62131
28664 / 70785
24538 / 60793
25087 / 62253
24954 / 61873
25052 / 62080
24916 / 61690
29495 / 73033
30444 / 75257
25358 / 62770
24652 / 61102
24632 / 61056
30346 / 75110
24687 / 61177
25065 / 62092
25292 / 62683
29523 / 73128
29451 / 72948
24661 / 61076
30593 / 75643
29523 / 73092
25122 / 62272
25327 / 62747
25283 / 62647
26597 / 65884
30430 / 75234
24935 / 61880
25013 / 61979
24909 / 61780
25166 / 62437
25174 / 62435
24509 / 60740
29569 / 73249
30444 / 75257
24846 / 61614
28637 / 70723
24509 / 60740
29951 / 74026
29480 / 73268
28629 / 70702
30550 / 75546
28630 / 70718
29811 / 73812
25322 / 62738
24610 / 60927
29389 / 72802
25271 / 62635
30442 / 75238
29952 / 74040
24660 / 61113
24927 / 61790
25138 / 62332
29866 / 73862
29456 / 72960
25055 / 62183
25247 / 62578
29425 / 72887
30420 / 75213
25182 / 62450
25358 / 62820
24676 / 61151
29953 / 74020
25400 / 62892
29515 / 73379
25301 / 62701
29545 / 73174
24589 / 60926
24904 / 61710
29814 / 73816
25216 / 62511
30543 / 75540
24589 / 60926
26145 / 64877
24993 / 61964
29593 / 73300
25080 / 62235
25099 / 62239
28618 / 70646
25313 / 62704
29977 / 74135
29541 / 73159
24586 / 60914
25185 / 62455
29491 / 73012
29493 / 73047
29617 / 73367
29847 / 73821
30429 / 75217
25289 / 62667
24986 / 61963
24902 / 61743
24952 / 61904
25316 / 62679
30463 / 75289
25269 / 62633
30385 / 75140
25268 / 62653
24919 / 61781
30536 / 75510
25135 / 62349
25321 / 62731
25284 / 62650
25072 / 62172
30464 / 75302
25032 / 62132
29456 / 73240
25112 / 62272
29477 / 73010
25325 / 62751
25322 / 62738
28676 / 70815
30419 / 75211
25323 / 62691
24875 / 61685
30525 / 75483
24920 / 61790
24589 / 60926
24573 / 60887
29786 / 73750
30536 / 75512
25296 / 62674
25062 / 62162
30547 / 75533
30446 / 75244
24560 / 60862
24579 / 60903
25280 / 62634
25374 / 62851
29448 / 72948
25021 / 61995
25103 / 62255
25011 / 62022
28621 / 70693
25295 / 62691
24558 / 60855
24504 / 60722
25182 / 62448
26071 / 64648
26652 / 65983
30668 / 75784
24509 / 60740
25239 / 62569
24896 / 61755
24873 / 61631
30083 / 74398
25299 / 62693
25347 / 62789
29951 / 74026
29923 / 73939
24947 / 61876
30444 / 75240
29786 / 73750
29465 / 72982
25320 / 62730
24940 / 61893
25330 / 62759
30538 / 75529
29493 / 73049
28662 / 70773
29481 / 73270
25321 / 62731
28710 / 70889
24584 / 60911
28673 / 70813
25309 / 62668
29492 / 73288
25156 / 62407
25317 / 62725
24872 / 61677
28634 / 70715
28669 / 70798
24956 / 61911
30557 / 75574
25313 / 62713
25286 / 62615
29494 / 73051
25308 / 62696
29564 / 73226
25148 / 62346
25298 / 62694
24635 / 61056
30029 / 74213
25223 / 62543
25267 / 62622
29308 / 72632
30356 / 75068
29529 / 73111
29919 / 73932
25116 / 62303
25285 / 62666
24625 / 61034
24820 / 61555
29375 / 72768
29904 / 73945
29969 / 74099
25118 / 62317
24840 / 61596
24961 / 61924
25288 / 62664
29491 / 73035
25104 / 62235
25113 / 62265
25155 / 62414
25028 / 62075
24997 / 61973
24782 / 61470
25235 / 62495
29346 / 72716
29580 / 73266
29530 / 73417
25317 / 62725
29489 / 73031
25110 / 62280
25315 / 62670
28637 / 70734
24839 / 61586
25212 / 62505
24572 / 60905
29548 / 73167
25322 / 62738
25351 / 62810
29843 / 73904
29478 / 73002
24909 / 61769
24885 / 61706
24576 / 60891
30524 / 75476
24593 / 60953
25026 / 62053
25400 / 62892
30526 / 75485
24972 / 61946
25368 / 62843
29316 / 72647
25066 / 62155
24965 / 61905
25277 / 62630
25289 / 62667
29686 / 73477
29493 / 73331
26599 / 65886
28885 / 71445
29497 / 73307
24568 / 60874
24940 / 61858
29895 / 73964
30442 / 75238
25920 / 64283
30213 / 74765
25283 / 62651
29814 / 73828
25296 / 62677
25332 / 62764
25186 / 62462
29613 / 73337
29547 / 73440
25235 / 62564
25138 / 62341
29707 / 73554
24570 / 60885
29480 / 73268
25211 / 62501
29821 / 73804
24912 / 61774
30484 / 75378
29955 / 74051
24514 / 60748
25264 / 62609
29340 / 72968
29774 / 73638
29962 / 74040
30426 / 75221
25336 / 62718
25290 / 62678
30463 / 75292
24777 / 61457
30527 / 75506
30516 / 75434
25328 / 62749
24984 / 61984
30491 / 75423
25329 / 62758
26216 / 65056
29456 / 72960
26254 / 65126
25307 / 62711
25063 / 62137
25038 / 62106
30512 / 75475
30529 / 75512
25322 / 62738
30536 / 75525
25221 / 62532
30454 / 75286
24951 / 61838
24956 / 61915
26279 / 65185
30505 / 75456
24673 / 61134
24514 / 60753
25278 / 62634
25318 / 62718
29619 / 73330
25210 / 62526
24816 / 61538
25229 / 62566
25225 / 62532
30453 / 75277
28621 / 70682
29525 / 73395
29923 / 73939
29545 / 73174
28634 / 70715
25002 / 62010
24645 / 61081
25031 / 62020
29937 / 73980
25289 / 62667
30501 / 75432
25288 / 62660
25411 / 62908
25287 / 62653
24603 / 60961
25185 / 62447
30515 / 75462
28634 / 70715
29456 / 72960
25129 / 62311
29775 / 73727
24956 / 61873
25129 / 62311
25154 / 62401
25395 / 62879
24579 / 60903
29505 / 73080
29471 / 72984
29951 / 74026
29966 / 74051
29921 / 74004
29457 / 72973
29938 / 74014
29460 / 72968
28669 / 70798
26218 / 65038
29448 / 72948
25261 / 62602
25281 / 62649
25349 / 62763
29443 / 72941
25327 / 62704
29954 / 74034
25086 / 62231
29344 / 72712
24837 / 61598
30522 / 75480
29480 / 73268
24635 / 61056
25031 / 62077
29495 / 73042
25860 / 64130
24919 / 61782
24584 / 60911
25182 / 62442
29929 / 74028
29497 / 73051
29456 / 72960
24877 / 61691
29606 / 73321
29480 / 73268
25205 / 62508
25037 / 62077
24985 / 61963
25283 / 62647
25130 / 62335
25406 / 62908
29998 / 74120
