#
# A fatal error has been detected by the Java Runtime Environment:
#
#  SIGSEGV (0xb) at pc=0x00007ffff6f94a70, pid=887862, tid=887862
#
# JRE version: OpenJDK Runtime Environment (21.0.4+7) (build 21.0.4+7-Ubuntu-1ubuntu222.04)
# Java VM: OpenJDK 64-Bit Server VM (21.0.4+7-Ubuntu-1ubuntu222.04, mixed mode, tiered, compressed oops, compressed class ptrs, g1 gc, linux-amd64)
# Problematic frame:
# C  [_jpype.cpython-310-x86_64-linux-gnu.so+0x54a70]  JPClass::invokeStatic(JPJavaFrame&, _jclass*, _jmethodID*, jvalue*)+0x60
#
# No core dump will be written. Core dumps have been disabled. To enable core dumping, try "ulimit -c unlimited" before starting Java again
#
# If you would like to submit a bug report, please visit:
#   https://bugs.launchpad.net/ubuntu/+source/openjdk-21
# The crash happened outside the Java Virtual Machine in native code.
# See problematic frame for where to report the bug.
#

---------------  S U M M A R Y ------------

Command Line: -Djava.system.class.loader=ghidra.GhidraClassLoader -Dfile.encoding=UTF8 -Duser.country=US -Duser.language=en -Duser.variant= -Dsun.java2d.opengl=false -Dsun.java2d.pmoffscreen=false -Dsun.java2d.xrender=true -Dsun.java2d.uiScale=1 -Dawt.useSystemAAFontSettings=on -Djdk.tls.client.protocols=TLSv1.2,TLSv1.3 -Dcpu.core.limit= -Dcpu.core.override= -Dfont.size.override= -Dpython.console.encoding=UTF-8 -Xshare:off 

Host: 12th Gen Intel(R) Core(TM) i7-12700H, 20 cores, 23G, Ubuntu 22.04.5 LTS
Time: Sun Oct  6 21:29:16 2024 +07 elapsed time: 0.607079 seconds (0d 0h 0m 0s)

---------------  T H R E A D  ---------------

Current thread (0x0000555555dd2780):  JavaThread "main"             [_thread_in_native, id=887862, stack(0x00007fffffeff000,0x00007ffffffff000) (1024K)]

Stack: [0x00007fffffeff000,0x00007ffffffff000],  sp=0x00007fffffffb390,  free space=1008k
Native frames: (J=compiled Java code, j=interpreted, Vv=VM code, C=native code)
C  [_jpype.cpython-310-x86_64-linux-gnu.so+0x54a70]  JPClass::invokeStatic(JPJavaFrame&, _jclass*, _jmethodID*, jvalue*)+0x60

siginfo: si_signo: 11 (SIGSEGV), si_code: 1 (SEGV_MAPERR), si_addr: 0x0000000000000000

Registers:
RAX=0x0000000000000000, RBX=0x00007fffffffb3a0, RCX=0x0000000000000000, RDX=0x0000555555dc0a48
RSP=0x00007fffffffb390, RBP=0x0000000000000000, RSI=0x0000000000000000, RDI=0x0000555555dd2b18
R8 =0x00007fffac505208, R9 =0x00007fffffffb1c8, R10=0x00000007c0001b18, R11=0x00007fffddd77440
R12=0x00007fffffffb500, R13=0x00007fffffffb4f8, R14=0x0000555555fabd48, R15=0x0000555556ceb990
RIP=0x00007ffff6f94a70, EFLAGS=0x0000000000010202, CSGSFS=0x002b000000000033, ERR=0x0000000000000004
  TRAPNO=0x000000000000000e


Register to memory mapping:

RAX=0x0 is null
RBX=0x00007fffffffb3a0 is pointing into the stack for thread: 0x0000555555dd2780
RCX=0x0 is null
RDX=0x0000555555dc0a48 points into unknown readable memory: 0x0000000000000331 | 31 03 00 00 00 00 00 00
RSP=0x00007fffffffb390 is pointing into the stack for thread: 0x0000555555dd2780
RBP=0x0 is null
RSI=0x0 is null
RDI=0x0000555555dd2b18 points into unknown readable memory: 0x0000000000000000 | 00 00 00 00 00 00 00 00
R8 ={method} {0x00007fffac505208} 'findClassForObject' '(Ljava/lang/Object;)J' in 'org/jpype/manager/TypeManager'
R9 =0x00007fffffffb1c8 is pointing into the stack for thread: 0x0000555555dd2780
R10=0x00000007c0001b18 is a pointer to class: 
org.jpype.manager.TypeManager {0x00000007c0001b18}
 - instance size:     6
 - klass size:        77
 - access:            public synchronized 
 - flags:             rewritten has_nonstatic_fields should_verify_class 
 - state:             fully_initialized
 - name:              'org/jpype/manager/TypeManager'
 - super:             'java/lang/Object'
 - sub:               
 - arrays:            null
 - methods:           Array<T>(0x00007fffac507710)
 - method ordering:   Array<T>(0x00007fffac000018)
 - default_methods:   Array<T>(0x0000000000000000)
 - local interfaces:  Array<T>(0x00007fffac000058)
 - trans. interfaces: Array<T>(0x00007fffac000058)
 - constants:         constant pool [729] {0x00007fffac506000} for 'org/jpype/manager/TypeManager' cache=0x00007fffac508c18
 - class loader data:  loader data: 0x0000555556147770 for instance a 'java/net/URLClassLoader'{0x000000064e48ce78}
 - class annotations:       Array<T>(0x0000000000000000)
 - class type annotations:  Array<T>(0x0000000000000000)
 - field annotations:       Array<T>(0x0000000000000000)
 - field type annotations:  Array<T>(0x0000000000000000)
 - inner classes:     Array<T>(0x00007fffac508b98)
 - nest members:     Array<T>(0x00007fffac000028)
 - permitted subclasses:     Array<T>(0x00007fffac000028)
 - java mirror:       a 'java/lang/Class'{0x000000064e499ca0} = 'org/jpype/manager/TypeManager'
 - vtable length      17  (start addr: 0x00000007c0001ce0)
 - itable length      2 (start addr: 0x00000007c0001d68)
 - ---- static fields (1 words):
 - static 'hasCallerSensitive' 'Z' @112 
 - ---- non-static fields (8 words):
 - public 'isStarted' 'Z' @12 
 - public 'isShutdown' 'Z' @13 
 - public 'context' 'J' @16 
 - public 'classMap' 'Ljava/util/HashMap;' @24 
 - public 'typeFactory' 'Lorg/jpype/manager/TypeFactory;' @28 
 - public 'audit' 'Lorg/jpype/manager/TypeAudit;' @32 
 - private 'java_lang_Object' 'Lorg/jpype/manager/ClassDescriptor;' @36 
 - private 'destroyer' 'Lorg/jpype/manager/TypeManager$Destroyer;' @40 
 - non-static oop maps: 24-40 
R11=0x00007fffddd77440 is at entry_point+32 in (nmethod*)0x00007fffddd77110
Compiled method (c1)     608 2141       3       org.jpype.manager.TypeManager::findClassForObject (45 bytes)
 total in heap  [0x00007fffddd77110,0x00007fffddd78d20] = 7184
 relocation     [0x00007fffddd77260,0x00007fffddd77420] = 448
 main code      [0x00007fffddd77420,0x00007fffddd78640] = 4640
 stub code      [0x00007fffddd78640,0x00007fffddd78700] = 192
 oops           [0x00007fffddd78700,0x00007fffddd78718] = 24
 metadata       [0x00007fffddd78718,0x00007fffddd787d0] = 184
 scopes data    [0x00007fffddd787d0,0x00007fffddd78a30] = 608
 scopes pcs     [0x00007fffddd78a30,0x00007fffddd78c60] = 560
 dependencies   [0x00007fffddd78c60,0x00007fffddd78c78] = 24
 handler table  [0x00007fffddd78c78,0x00007fffddd78ce8] = 112
 nul chk table  [0x00007fffddd78ce8,0x00007fffddd78d20] = 56
R12=0x00007fffffffb500 is pointing into the stack for thread: 0x0000555555dd2780
R13=0x00007fffffffb4f8 is pointing into the stack for thread: 0x0000555555dd2780
R14=0x0000555555fabd48 points into unknown readable memory: 0x0000000651842290 | 90 22 84 51 06 00 00 00
R15=0x0000555556ceb990 points into unknown readable memory: 0x0000555555fabd40 | 40 bd fa 55 55 55 00 00

Top of Stack: (sp=0x00007fffffffb390)
0x00007fffffffb390:   00007fffffffb3c8 0000555556d0b1ba
0x00007fffffffb3a0:   0000555555b5b2f0 0000555555dd2780
0x00007fffffffb3b0:   0000000000000000 00007fffffffb450
0x00007fffffffb3c0:   0000555555c4bd90 0000555556d13a60
0x00007fffffffb3d0:   00007fffffffb470 00007fffffffb4f8
0x00007fffffffb3e0:   00007fffffffb520 0000555556d135c0
0x00007fffffffb3f0:   00007fffffffb500 00007ffff6fab1ea
0x00007fffffffb400:   0000000000000001 0000000000000030
0x00007fffffffb410:   0000000000000010 0000555556d135c0
0x00007fffffffb420:   0000555556ceb990 0000555556ceb9a0
0x00007fffffffb430:   0000555556ceb9a0 0000000000000000
0x00007fffffffb440:   00007fffffffb520 00007fffffffb520
0x00007fffffffb450:   00007fffffffb500 00007fffffffb4f8
0x00007fffffffb460:   0000555556d12520 00007fffffffb480
0x00007fffffffb470:   0000000000000000 00007ffff6fad7a4
0x00007fffffffb480:   00005595175afa88 0000555556d135c0
0x00007fffffffb490:   0000555556d20480 0000555556d204b0
0x00007fffffffb4a0:   0000555556d204b0 0000000000000004
0x00007fffffffb4b0:   00007fffffffb500 00007fffccfba080
0x00007fffffffb4c0:   00007fffffffb4f8 00007fffffffb500
0x00007fffffffb4d0:   00007fffffffb520 00007fffccf90ca0
0x00007fffffffb4e0:   0000000000000000 00007ffff6fbf47a
0x00007fffffffb4f0:   00007ffff683427a 00005555562096a0
0x00007fffffffb500:   0000555555c2b580 0000555555dd2b38
0x00007fffffffb510:   00007ffff7010100 00007fffffffb540
0x00007fffffffb520:   0000000000000000 00007fffccf90ca0
0x00007fffffffb530:   0000555556d13740 0000555556d13748
0x00007fffffffb540:   0000555556d13748 0000555555b5b2f0
0x00007fffffffb550:   0000000000000013 00007fffccf90ca0
0x00007fffffffb560:   0000555555b5b2f0 0000555555b3f2b0
0x00007fffffffb570:   00007fffccfba080 00005555556a72db
0x00007fffffffb580:   00007fffccfbab00 0000000000000000 

Instructions: (pc=0x00007ffff6f94a70)
0x00007ffff6f94970:   85 c0 75 14 c7 03 00 00 00 00 48 83 c4 28 5b 5d
0x00007ffff6f94980:   c3 0f 1f 80 00 00 00 00 8b 03 48 83 c4 28 5b 5d
0x00007ffff6f94990:   c3 48 89 c7 48 89 d0 e9 3c b5 fe ff 0f 1f 40 00
0x00007ffff6f949a0:   41 56 49 89 fe 41 55 41 54 49 89 d4 4c 89 c2 55
0x00007ffff6f949b0:   4c 89 e7 48 89 f5 48 89 ce 48 83 ec 28 e8 fe 94
0x00007ffff6f949c0:   fe ff 49 89 c5 48 85 c0 74 0e 48 89 c6 4c 89 e7
0x00007ffff6f949d0:   e8 7b 87 fe ff 48 89 c5 48 8b 45 00 45 31 c0 4c
0x00007ffff6f949e0:   89 e9 4c 89 e2 48 89 ee 4c 89 f7 ff 50 38 48 83
0x00007ffff6f949f0:   c4 28 4c 89 f0 5d 41 5c 41 5d 41 5e c3 48 89 c7
0x00007ffff6f94a00:   48 89 d0 e9 20 b5 fe ff 0f 1f 84 00 00 00 00 00
0x00007ffff6f94a10:   41 57 4d 89 cf 41 56 4d 89 c6 41 55 49 89 fd 41
0x00007ffff6f94a20:   54 49 89 d4 55 48 89 f5 53 48 83 ec 38 48 8d 5c
0x00007ffff6f94a30:   24 10 48 89 4c 24 08 48 89 df e8 81 84 fe ff 48
0x00007ffff6f94a40:   8b 74 24 08 4c 89 f9 4c 89 f2 4c 89 e7 e8 0e 6a
0x00007ffff6f94a50:   fe ff 49 89 c6 48 89 df e8 73 75 fe ff 4d 85 f6
0x00007ffff6f94a60:   74 0e 4c 89 f6 4c 89 e7 e8 e3 86 fe ff 48 89 c5
0x00007ffff6f94a70:   48 8b 45 00 45 31 c0 4c 89 f1 4c 89 e2 48 89 ee
0x00007ffff6f94a80:   4c 89 ef ff 50 38 48 83 c4 38 4c 89 e8 5b 5d 41
0x00007ffff6f94a90:   5c 41 5d 41 5e 41 5f c3 48 89 c7 48 89 d0 e9 e3
0x00007ffff6f94aa0:   b4 fe ff 48 89 c5 49 89 d4 e9 ca b4 fe ff 66 90
0x00007ffff6f94ab0:   41 57 4d 89 c7 41 56 49 89 ce 41 55 49 89 fd 41
0x00007ffff6f94ac0:   54 49 89 d4 55 48 89 f5 53 48 83 ec 58 48 8d 5c
0x00007ffff6f94ad0:   24 20 4c 89 4c 24 08 48 89 df e8 e1 83 fe ff 4d
0x00007ffff6f94ae0:   85 f6 0f 84 ee b4 fe ff 4d 85 ff 74 63 48 8b 4c
0x00007ffff6f94af0:   24 08 4c 89 fa 4c 89 f6 4c 89 e7 4c 8b 84 24 90
0x00007ffff6f94b00:   00 00 00 e8 48 6c fe ff 49 89 c6 48 89 df e8 bd
0x00007ffff6f94b10:   74 fe ff 4d 85 f6 74 0e 4c 89 f6 4c 89 e7 e8 2d
0x00007ffff6f94b20:   86 fe ff 48 89 c5 48 8b 45 00 45 31 c0 4c 89 f1
0x00007ffff6f94b30:   4c 89 e2 48 89 ee 4c 89 ef ff 50 38 48 83 c4 58
0x00007ffff6f94b40:   4c 89 e8 5b 5d 41 5c 41 5d 41 5e 41 5f c3 66 90
0x00007ffff6f94b50:   48 8b 8c 24 90 00 00 00 48 8b 54 24 08 4c 89 f6
0x00007ffff6f94b60:   4c 89 e7 e8 a8 90 fe ff eb 9e 48 89 c7 49 89 d4 


Stack slot to memory mapping:

stack at sp + 0 slots: 0x00007fffffffb3c8 is pointing into the stack for thread: 0x0000555555dd2780
stack at sp + 1 slots: 0x0000555556d0b1ba is a global jni handle
stack at sp + 2 slots: 0x0000555555b5b2f0 points into unknown readable memory: 0x0000000000000000 | 00 00 00 00 00 00 00 00
stack at sp + 3 slots: 0x0000555555dd2780 is a thread
stack at sp + 4 slots: 0x0 is null
stack at sp + 5 slots: 0x00007fffffffb450 is pointing into the stack for thread: 0x0000555555dd2780
stack at sp + 6 slots: 0x0000555555c4bd90 points into unknown readable memory: 0x00000000000000bf | bf 00 00 00 00 00 00 00
stack at sp + 7 slots: 0x0000555556d13a60 points into unknown readable memory: 0x00007ffff6ff8a58 | 58 8a ff f6 ff 7f 00 00


---------------  P R O C E S S  ---------------

Threads class SMR info:
_java_thread_list=0x00007fffa800c590, length=18, elements={
0x0000555555dd2780, 0x000055555601e3e0, 0x000055555601fa10, 0x000055555602a460,
0x000055555602baa0, 0x000055555602d040, 0x0000555556021c00, 0x00005555560232c0,
0x00007fff7c00c020, 0x00007fff7c036050, 0x000055555610a2b0, 0x0000555556141ef0,
0x00007fff7c09f8f0, 0x00007fff78064730, 0x00007fff78067e90, 0x00007fff7c0bd970,
0x00007fff34001aa0, 0x00007fff940011c0
}

Java Threads: ( => current thread )
=>0x0000555555dd2780 JavaThread "main"                              [_thread_in_native, id=887862, stack(0x00007fffffeff000,0x00007ffffffff000) (1024K)]
  0x000055555601e3e0 JavaThread "Reference Handler"          daemon [_thread_blocked, id=887908, stack(0x00007fffcdcfe000,0x00007fffcddfe000) (1024K)]
  0x000055555601fa10 JavaThread "Finalizer"                  daemon [_thread_blocked, id=887909, stack(0x00007fffcdbfe000,0x00007fffcdcfe000) (1024K)]
  0x000055555602a460 JavaThread "Signal Dispatcher"          daemon [_thread_blocked, id=887910, stack(0x00007fffcdafe000,0x00007fffcdbfe000) (1024K)]
  0x000055555602baa0 JavaThread "Service Thread"             daemon [_thread_blocked, id=887911, stack(0x00007fffcd9fe000,0x00007fffcdafe000) (1024K)]
  0x000055555602d040 JavaThread "Monitor Deflation Thread"   daemon [_thread_blocked, id=887912, stack(0x00007fffcd8fe000,0x00007fffcd9fe000) (1024K)]
  0x0000555556021c00 JavaThread "C2 CompilerThread0"         daemon [_thread_in_native, id=887913, stack(0x00007fffcd7fe000,0x00007fffcd8fe000) (1024K)]
  0x00005555560232c0 JavaThread "C1 CompilerThread0"         daemon [_thread_blocked, id=887914, stack(0x00007fffcd6fe000,0x00007fffcd7fe000) (1024K)]
  0x00007fff7c00c020 JavaThread "C1 CompilerThread1"         daemon [_thread_blocked, id=887915, stack(0x00007fffcd5fe000,0x00007fffcd6fe000) (1024K)]
  0x00007fff7c036050 JavaThread "C1 CompilerThread2"         daemon [_thread_blocked, id=887916, stack(0x00007fffcd4fe000,0x00007fffcd5fe000) (1024K)]
  0x000055555610a2b0 JavaThread "Common-Cleaner"             daemon [_thread_blocked, id=887917, stack(0x00007fffcd3fe000,0x00007fffcd4fe000) (1024K)]
  0x0000555556141ef0 JavaThread "Notification Thread"        daemon [_thread_blocked, id=887918, stack(0x00007fffcd2fe000,0x00007fffcd3fe000) (1024K)]
  0x00007fff7c09f8f0 JavaThread "C1 CompilerThread3"         daemon [_thread_blocked, id=887920, stack(0x00007fffcd0fe000,0x00007fffcd1fe000) (1024K)]
  0x00007fff78064730 JavaThread "C2 CompilerThread1"         daemon [_thread_blocked, id=887925, stack(0x00007fffccdfd000,0x00007fffccefd000) (1024K)]
  0x00007fff78067e90 JavaThread "C2 CompilerThread2"         daemon [_thread_blocked, id=887926, stack(0x00007fffcccfd000,0x00007fffccdfd000) (1024K)]
  0x00007fff7c0bd970 JavaThread "C2 CompilerThread3"         daemon [_thread_blocked, id=887931, stack(0x00007fffccbfd000,0x00007fffcccfd000) (1024K)]
  0x00007fff34001aa0 JavaThread "C2 CompilerThread4"         daemon [_thread_blocked, id=887937, stack(0x00007fffccafd000,0x00007fffccbfd000) (1024K)]
  0x00007fff940011c0 JavaThread "SIGINT handler"             daemon [_thread_blocked, id=887943, stack(0x00007fffc3f00000,0x00007fffc4000000) (1024K)]
Total: 18

Other Threads:
  0x0000555555faa820 VMThread "VM Thread"                           [id=887907, stack(0x00007fffcddff000,0x00007fffcdeff000) (1024K)] _threads_hazard_ptr=0x00007fffa800c590
  0x0000555555e551b0 WorkerThread "GC Thread#0"                     [id=887901, stack(0x00007fffdb100000,0x00007fffdb200000) (1024K)]
  0x00007fffa8001520 WorkerThread "GC Thread#1"                     [id=887921, stack(0x00007fffccffe000,0x00007fffcd0fe000) (1024K)]
  0x00007fffa8012c40 WorkerThread "GC Thread#2"                     [id=887922, stack(0x00007fffcc700000,0x00007fffcc800000) (1024K)]
  0x00007fffa8013670 WorkerThread "GC Thread#3"                     [id=887923, stack(0x00007fffcc5ff000,0x00007fffcc6ff000) (1024K)]
  0x00007fffa80140a0 WorkerThread "GC Thread#4"                     [id=887924, stack(0x00007fffcc4fe000,0x00007fffcc5fe000) (1024K)]
  0x00007fffa800ab00 WorkerThread "GC Thread#5"                     [id=887938, stack(0x00007fffcc9fd000,0x00007fffccafd000) (1024K)]
  0x00007fffa8017960 WorkerThread "GC Thread#6"                     [id=887939, stack(0x00007fffcc2bd000,0x00007fffcc3bd000) (1024K)]
  0x00007fffa8017f50 WorkerThread "GC Thread#7"                     [id=887940, stack(0x00007fffcc1bc000,0x00007fffcc2bc000) (1024K)]
  0x00007fffa831b590 WorkerThread "GC Thread#8"                     [id=887942, stack(0x00007fffcc0bb000,0x00007fffcc1bb000) (1024K)]
  0x0000555555e61ed0 ConcurrentGCThread "G1 Main Marker"            terminated
  0x0000555555e629c0 WorkerThread "G1 Conc#0"                       [id=887903, stack(0x00007fffd51ff000,0x00007fffd52ff000) (1024K)]
  0x0000555555ef78e0 ConcurrentGCThread "G1 Refine#0"               terminated
  0x0000555555ef87a0 ConcurrentGCThread "G1 Service"                terminated
Total: 14

Threads with active compile tasks:
C2 CompilerThread0      609  831       4       jdk.internal.jimage.ImageReader$SharedImageReader::lambda$handleModulesSubTree$1 (58 bytes)
C2 CompilerThread1      609 2310       4       java.util.HashMap::putVal (300 bytes)
C2 CompilerThread3      609 2405       4       java.lang.String::replace (42 bytes)
C2 CompilerThread4      609 2316       4       java.lang.PublicMethods::merge (81 bytes)
Total: 4

VM state: at safepoint (normal execution)

VM Mutex/Monitor currently owned by a thread:  ([mutex/lock_event])
[0x00007ffff6705e20] Threads_lock - owner thread: 0x0000555555faa820
[0x00007ffff6705d20] Heap_lock - owner thread: 0x00007fff940011c0

Heap address: 0x000000064e400000, size: 5916 MB, Compressed Oops mode: Zero based, Oop shift amount: 3

CDS archive(s) not mapped
Compressed class space mapped at: 0x00000007c0000000-0x0000000800000000, reserved size: 1073741824
Narrow klass base: 0x0000000000000000, Narrow klass shift: 3, Narrow klass range: 0x800000000

GC Precious Log:
 CardTable entry size: 512
 Card Set container configuration: InlinePtr #cards 4 size 8 Array Of Cards #cards 32 size 80 Howl #buckets 8 coarsen threshold 7372 Howl Bitmap #cards 1024 size 144 coarsen threshold 921 Card regions per heap region 1 cards per card region 8192
 CPUs: 20 total, 20 available
 Memory: 23650M
 Large Page Support: Disabled
 NUMA Support: Disabled
 Compressed Oops: Enabled (Zero based)
 Heap Region Size: 4M
 Heap Min Capacity: 8M
 Heap Initial Capacity: 372M
 Heap Max Capacity: 5916M
 Pre-touch: Disabled
 Parallel Workers: 15
 Concurrent Workers: 4
 Concurrent Refinement Workers: 15
 Periodic GC: Disabled

Heap:
 garbage-first heap   total 61440K, used 25064K [0x000000064e400000, 0x00000007c0000000)
  region size 4096K, 2 young (8192K), 0 survivors (0K)
 Metaspace       used 16440K, committed 16768K, reserved 1114112K
  class space    used 1510K, committed 1664K, reserved 1048576K

Heap Regions: E=young(eden), S=young(survivor), O=old, HS=humongous(starts), HC=humongous(continues), CS=collection set, F=free, TAMS=top-at-mark-start, PB=parsable bottom
|   0|0x000000064e400000, 0x000000064e7fffe8, 0x000000064e800000| 99%| O|  |TAMS 0x000000064e400000| PB 0x000000064e400000| Untracked 
|   1|0x000000064e800000, 0x000000064ebfe738, 0x000000064ec00000| 99%| O|  |TAMS 0x000000064e800000| PB 0x000000064e800000| Untracked 
|   2|0x000000064ec00000, 0x000000064effa870, 0x000000064f000000| 99%| O|  |TAMS 0x000000064ec00000| PB 0x000000064ec00000| Untracked 
|   3|0x000000064f000000, 0x000000064f3ffff0, 0x000000064f400000| 99%| O|  |TAMS 0x000000064f000000| PB 0x000000064f000000| Untracked 
|   4|0x000000064f400000, 0x000000064f800000, 0x000000064f800000|100%|HS|  |TAMS 0x000000064f400000| PB 0x000000064f400000| Untracked 
|   5|0x000000064f800000, 0x000000064f881128, 0x000000064fc00000| 12%| O|  |TAMS 0x000000064f800000| PB 0x000000064f800000| Untracked 
|   6|0x000000064fc00000, 0x000000064fc00000, 0x0000000650000000|  0%| F|  |TAMS 0x000000064fc00000| PB 0x000000064fc00000| Untracked 
|   7|0x0000000650000000, 0x0000000650000000, 0x0000000650400000|  0%| F|  |TAMS 0x0000000650000000| PB 0x0000000650000000| Untracked 
|   8|0x0000000650400000, 0x0000000650400000, 0x0000000650800000|  0%| F|  |TAMS 0x0000000650400000| PB 0x0000000650400000| Untracked 
|   9|0x0000000650800000, 0x0000000650800000, 0x0000000650c00000|  0%| F|  |TAMS 0x0000000650800000| PB 0x0000000650800000| Untracked 
|  10|0x0000000650c00000, 0x0000000650c00000, 0x0000000651000000|  0%| F|  |TAMS 0x0000000650c00000| PB 0x0000000650c00000| Untracked 
|  11|0x0000000651000000, 0x0000000651000000, 0x0000000651400000|  0%| F|  |TAMS 0x0000000651000000| PB 0x0000000651000000| Untracked 
|  12|0x0000000651400000, 0x0000000651400000, 0x0000000651800000|  0%| F|  |TAMS 0x0000000651400000| PB 0x0000000651400000| Untracked 
|  13|0x0000000651800000, 0x00000006518b9348, 0x0000000651c00000| 18%| E|  |TAMS 0x0000000651800000| PB 0x0000000651800000| Complete 
|1478|0x00000007bfc00000, 0x00000007c0000000, 0x00000007c0000000|100%| E|CS|TAMS 0x00000007bfc00000| PB 0x00000007bfc00000| Complete 

Card table byte_map: [0x00007fffdb200000,0x00007fffdbd8e000] _byte_map_base: 0x00007fffd7f8e000

Marking Bits: (CMBitMap*) 0x0000555555e55ae0
 Bits: [0x00007fffd5400000, 0x00007fffdb070000)

Polling page: 0x00007ffff7a48000

Metaspace:

Usage:
  Non-class:     14.58 MB used.
      Class:      1.48 MB used.
       Both:     16.06 MB used.

Virtual space:
  Non-class space:       64.00 MB reserved,      14.75 MB ( 23%) committed,  1 nodes.
      Class space:        1.00 GB reserved,       1.62 MB ( <1%) committed,  1 nodes.
             Both:        1.06 GB reserved,      16.38 MB (  2%) committed. 

Chunk freelists:
   Non-Class:  526.00 KB
       Class:  14.37 MB
        Both:  14.88 MB

MaxMetaspaceSize: unlimited
CompressedClassSpaceSize: 1.00 GB
Initial GC threshold: 21.00 MB
Current GC threshold: 26.25 MB
CDS: off
 - commit_granule_bytes: 65536.
 - commit_granule_words: 8192.
 - virtual_space_node_default_size: 8388608.
 - enlarge_chunks_in_place: 1.
 - use_allocation_guard: 0.


Internal statistics:

num_allocs_failed_limit: 0.
num_arena_births: 280.
num_arena_deaths: 0.
num_vsnodes_births: 2.
num_vsnodes_deaths: 0.
num_space_committed: 262.
num_space_uncommitted: 0.
num_chunks_returned_to_freelist: 0.
num_chunks_taken_from_freelist: 491.
num_chunk_merges: 0.
num_chunk_splits: 289.
num_chunks_enlarged: 152.
num_inconsistent_stats: 0.

CodeHeap 'non-profiled nmethods': size=119168Kb used=991Kb max_used=991Kb free=118176Kb
 bounds [0x00007fffe55a0000, 0x00007fffe5810000, 0x00007fffeca00000]
CodeHeap 'profiled nmethods': size=119164Kb used=3962Kb max_used=3962Kb free=115201Kb
 bounds [0x00007fffdda00000, 0x00007fffddde0000, 0x00007fffe4e5f000]
CodeHeap 'non-nmethods': size=7428Kb used=3067Kb max_used=3139Kb free=4360Kb
 bounds [0x00007fffe4e5f000, 0x00007fffe517f000, 0x00007fffe55a0000]
 total_blobs=2701 nmethods=2209 adapters=393
 compilation: enabled
              stopped_count=0, restarted_count=0
 full_count=0

Compilation events (20 events):
Event: 0.604 Thread 0x00007fff78067e90 2410       4       java.lang.reflect.Modifier::isPublic (12 bytes)
Event: 0.604 Thread 0x00007fff78067e90 nmethod 2410 0x00007fffe5697a90 code [0x00007fffe5697c00, 0x00007fffe5697c70]
Event: 0.605 Thread 0x00007fff7c036050 2411       3       java.lang.invoke.MethodHandleNatives::isCallerSensitive (29 bytes)
Event: 0.605 Thread 0x00007fff7c036050 nmethod 2411 0x00007fffdddda890 code [0x00007fffddddaa60, 0x00007fffddddaea8]
Event: 0.606 Thread 0x00007fff7c09f8f0 2412       3       java.util.ImmutableCollections$Set12::contains (28 bytes)
Event: 0.606 Thread 0x00007fff7c09f8f0 nmethod 2412 0x00007fffddddb010 code [0x00007fffddddb1c0, 0x00007fffddddb4f8]
Event: 0.606 Thread 0x00007fff7c036050 2413   !   3       java.util.stream.ReferencePipeline$7$1::accept (127 bytes)
Event: 0.606 Thread 0x00007fff7c09f8f0 2414       3       java.util.stream.AbstractPipeline::sequential (10 bytes)
Event: 0.606 Thread 0x00007fff7c00c020 2418       3       org.jpype.manager.TypeManager$Destroyer::add (101 bytes)
Event: 0.606 Thread 0x00007fff7c09f8f0 nmethod 2414 0x00007fffddddb610 code [0x00007fffddddb7a0, 0x00007fffddddb8b8]
Event: 0.606 Thread 0x00005555560232c0 2415       3       java.util.stream.ReferencePipeline$Head::forEach (26 bytes)
Event: 0.606 Thread 0x00007fff7c09f8f0 2419       3       org.jpype.manager.TypeManager$Destroyer::add (39 bytes)
Event: 0.606 Thread 0x00007fff7c09f8f0 nmethod 2419 0x00007fffddddb990 code [0x00007fffddddbb40, 0x00007fffddddbd60]
Event: 0.606 Thread 0x00007fff7c00c020 nmethod 2418 0x00007fffddddbe90 code [0x00007fffddddc080, 0x00007fffddddc518]
Event: 0.606 Thread 0x00007fff7c09f8f0 2416       3       java.util.stream.AbstractPipeline::sourceStageSpliterator (112 bytes)
Event: 0.606 Thread 0x00007fff7c00c020 2417       3       java.util.stream.AbstractPipeline::close (48 bytes)
Event: 0.606 Thread 0x00005555560232c0 nmethod 2415 0x00007fffddddc710 code [0x00007fffddddc900, 0x00007fffddddccb0]
Event: 0.606 Thread 0x00007fff7c00c020 nmethod 2417 0x00007fffddddce10 code [0x00007fffddddcfc0, 0x00007fffddddd268]
Event: 0.606 Thread 0x00007fff7c036050 nmethod 2413 0x00007fffddddd390 code [0x00007fffddddd620, 0x00007fffdddde4d8]
Event: 0.606 Thread 0x00007fff7c09f8f0 nmethod 2416 0x00007fffddddeb10 code [0x00007fffdddded20, 0x00007fffddddf410]

GC Heap History (20 events):
Event: 0.140 GC heap before
{Heap before GC invocations=1 (full 1):
 garbage-first heap   total 28672K, used 9567K [0x000000064e400000, 0x00000007c0000000)
  region size 4096K, 2 young (8192K), 0 survivors (0K)
 Metaspace       used 9274K, committed 9408K, reserved 1114112K
  class space    used 787K, committed 832K, reserved 1048576K
}
Event: 0.141 GC heap after
{Heap after GC invocations=2 (full 1):
 garbage-first heap   total 28672K, used 2335K [0x000000064e400000, 0x00000007c0000000)
  region size 4096K, 1 young (4096K), 1 survivors (4096K)
 Metaspace       used 9274K, committed 9408K, reserved 1114112K
  class space    used 787K, committed 832K, reserved 1048576K
}
Event: 0.150 GC heap before
{Heap before GC invocations=2 (full 1):
 garbage-first heap   total 28672K, used 10527K [0x000000064e400000, 0x00000007c0000000)
  region size 4096K, 3 young (12288K), 1 survivors (4096K)
 Metaspace       used 9283K, committed 9408K, reserved 1114112K
  class space    used 787K, committed 832K, reserved 1048576K
}
Event: 0.151 GC heap after
{Heap after GC invocations=3 (full 1):
 garbage-first heap   total 28672K, used 2767K [0x000000064e400000, 0x00000007c0000000)
  region size 4096K, 1 young (4096K), 1 survivors (4096K)
 Metaspace       used 9283K, committed 9408K, reserved 1114112K
  class space    used 787K, committed 832K, reserved 1048576K
}
Event: 0.158 GC heap before
{Heap before GC invocations=3 (full 1):
 garbage-first heap   total 28672K, used 10959K [0x000000064e400000, 0x00000007c0000000)
  region size 4096K, 3 young (12288K), 1 survivors (4096K)
 Metaspace       used 9299K, committed 9408K, reserved 1114112K
  class space    used 787K, committed 832K, reserved 1048576K
}
Event: 0.160 GC heap after
{Heap after GC invocations=4 (full 1):
 garbage-first heap   total 28672K, used 3817K [0x000000064e400000, 0x00000007c0000000)
  region size 4096K, 1 young (4096K), 1 survivors (4096K)
 Metaspace       used 9299K, committed 9408K, reserved 1114112K
  class space    used 787K, committed 832K, reserved 1048576K
}
Event: 0.165 GC heap before
{Heap before GC invocations=4 (full 1):
 garbage-first heap   total 28672K, used 12009K [0x000000064e400000, 0x00000007c0000000)
  region size 4096K, 3 young (12288K), 1 survivors (4096K)
 Metaspace       used 9304K, committed 9408K, reserved 1114112K
  class space    used 787K, committed 832K, reserved 1048576K
}
Event: 0.168 GC heap after
{Heap after GC invocations=5 (full 1):
 garbage-first heap   total 204800K, used 4439K [0x000000064e400000, 0x00000007c0000000)
  region size 4096K, 1 young (4096K), 1 survivors (4096K)
 Metaspace       used 9304K, committed 9408K, reserved 1114112K
  class space    used 787K, committed 832K, reserved 1048576K
}
Event: 0.201 GC heap before
{Heap before GC invocations=5 (full 1):
 garbage-first heap   total 204800K, used 12631K [0x000000064e400000, 0x00000007c0000000)
  region size 4096K, 4 young (16384K), 1 survivors (4096K)
 Metaspace       used 10490K, committed 10688K, reserved 1114112K
  class space    used 880K, committed 960K, reserved 1048576K
}
Event: 0.207 GC heap after
{Heap after GC invocations=6 (full 2):
 garbage-first heap   total 57344K, used 5694K [0x000000064e400000, 0x00000007c0000000)
  region size 4096K, 0 young (0K), 0 survivors (0K)
 Metaspace       used 10490K, committed 10688K, reserved 1114112K
  class space    used 880K, committed 960K, reserved 1048576K
}
Event: 0.359 GC heap before
{Heap before GC invocations=6 (full 2):
 garbage-first heap   total 57344K, used 38462K [0x000000064e400000, 0x00000007c0000000)
  region size 4096K, 7 young (28672K), 0 survivors (0K)
 Metaspace       used 11730K, committed 12032K, reserved 1114112K
  class space    used 982K, committed 1152K, reserved 1048576K
}
Event: 0.362 GC heap after
{Heap after GC invocations=7 (full 2):
 garbage-first heap   total 61440K, used 19342K [0x000000064e400000, 0x00000007c0000000)
  region size 4096K, 1 young (4096K), 1 survivors (4096K)
 Metaspace       used 11730K, committed 12032K, reserved 1114112K
  class space    used 982K, committed 1152K, reserved 1048576K
}
Event: 0.369 GC heap before
{Heap before GC invocations=7 (full 2):
 garbage-first heap   total 61440K, used 19342K [0x000000064e400000, 0x00000007c0000000)
  region size 4096K, 2 young (8192K), 1 survivors (4096K)
 Metaspace       used 11757K, committed 12096K, reserved 1114112K
  class space    used 982K, committed 1152K, reserved 1048576K
}
Event: 0.388 GC heap after
{Heap after GC invocations=8 (full 3):
 garbage-first heap   total 61440K, used 17280K [0x000000064e400000, 0x00000007c0000000)
  region size 4096K, 0 young (0K), 0 survivors (0K)
 Metaspace       used 11757K, committed 12096K, reserved 1114112K
  class space    used 982K, committed 1152K, reserved 1048576K
}
Event: 0.468 GC heap before
{Heap before GC invocations=8 (full 3):
 garbage-first heap   total 61440K, used 33664K [0x000000064e400000, 0x00000007c0000000)
  region size 4096K, 4 young (16384K), 0 survivors (0K)
 Metaspace       used 13941K, committed 14144K, reserved 1114112K
  class space    used 1219K, committed 1344K, reserved 1048576K
}
Event: 0.470 GC heap after
{Heap after GC invocations=9 (full 3):
 garbage-first heap   total 61440K, used 22996K [0x000000064e400000, 0x00000007c0000000)
  region size 4096K, 1 young (4096K), 1 survivors (4096K)
 Metaspace       used 13941K, committed 14144K, reserved 1114112K
  class space    used 1219K, committed 1344K, reserved 1048576K
}
Event: 0.516 GC heap before
{Heap before GC invocations=9 (full 3):
 garbage-first heap   total 61440K, used 31188K [0x000000064e400000, 0x00000007c0000000)
  region size 4096K, 3 young (12288K), 1 survivors (4096K)
 Metaspace       used 14826K, committed 15104K, reserved 1114112K
  class space    used 1313K, committed 1472K, reserved 1048576K
}
Event: 0.519 GC heap after
{Heap after GC invocations=10 (full 3):
 garbage-first heap   total 61440K, used 23403K [0x000000064e400000, 0x00000007c0000000)
  region size 4096K, 1 young (4096K), 1 survivors (4096K)
 Metaspace       used 14826K, committed 15104K, reserved 1114112K
  class space    used 1313K, committed 1472K, reserved 1048576K
}
Event: 0.542 GC heap before
{Heap before GC invocations=10 (full 3):
 garbage-first heap   total 61440K, used 23403K [0x000000064e400000, 0x00000007c0000000)
  region size 4096K, 2 young (8192K), 1 survivors (4096K)
 Metaspace       used 15830K, committed 16128K, reserved 1114112K
  class space    used 1401K, committed 1536K, reserved 1048576K
}
Event: 0.562 GC heap after
{Heap after GC invocations=11 (full 4):
 garbage-first heap   total 61440K, used 20968K [0x000000064e400000, 0x00000007c0000000)
  region size 4096K, 0 young (0K), 0 survivors (0K)
 Metaspace       used 15830K, committed 16128K, reserved 1114112K
  class space    used 1401K, committed 1536K, reserved 1048576K
}

Dll operation events (9 events):
Event: 0.001 Loaded shared library /usr/lib/jvm/java-21-openjdk-amd64/lib/libjava.so
Event: 0.019 Loaded shared library /usr/lib/jvm/java-21-openjdk-amd64/lib/libjsvml.so
Event: 0.029 Loaded shared library /usr/lib/jvm/java-21-openjdk-amd64/lib/libnio.so
Event: 0.032 Loaded shared library /usr/lib/jvm/java-21-openjdk-amd64/lib/libzip.so
Event: 0.054 Loaded shared library /media/ssd-partition/.local/lib/python3.10/site-packages/_jpype.cpython-310-x86_64-linux-gnu.so
Event: 0.116 Loaded shared library /usr/lib/jvm/java-21-openjdk-amd64/lib/libjimage.so
Event: 0.186 Loaded shared library /usr/lib/jvm/java-21-openjdk-amd64/lib/libnet.so
Event: 0.442 Loaded shared library /usr/lib/jvm/java-21-openjdk-amd64/lib/libawt.so
Event: 0.444 Loaded shared library /usr/lib/jvm/java-21-openjdk-amd64/lib/libawt_xawt.so

Deoptimization events (20 events):
Event: 0.575 Thread 0x0000555555dd2780 Uncommon trap: trap_request=0xffffff45 fr.pc=0x00007fffe5680898 relative=0x0000000000000078
Event: 0.575 Thread 0x0000555555dd2780 Uncommon trap: reason=unstable_if action=reinterpret pc=0x00007fffe5680898 method=sun.net.www.ParseUtil.firstEncodeIndex(Ljava/lang/String;)I @ 51 c2
Event: 0.575 Thread 0x0000555555dd2780 DEOPT PACKING pc=0x00007fffe5680898 sp=0x00007fffffff97f0
Event: 0.575 Thread 0x0000555555dd2780 DEOPT UNPACKING pc=0x00007fffe4eb2f99 sp=0x00007fffffff9798 mode 2
Event: 0.579 Thread 0x0000555555dd2780 Uncommon trap: trap_request=0xffffff45 fr.pc=0x00007fffe55da6b0 relative=0x0000000000000170
Event: 0.579 Thread 0x0000555555dd2780 Uncommon trap: reason=unstable_if action=reinterpret pc=0x00007fffe55da6b0 method=java.lang.PublicMethods$MethodList.merge(Ljava/lang/PublicMethods$MethodList;Ljava/lang/reflect/Method;)Ljava/lang/PublicMethods$MethodList; @ 62 c2
Event: 0.579 Thread 0x0000555555dd2780 DEOPT PACKING pc=0x00007fffe55da6b0 sp=0x00007fffffffa6a0
Event: 0.579 Thread 0x0000555555dd2780 DEOPT UNPACKING pc=0x00007fffe4eb2f99 sp=0x00007fffffffa640 mode 2
Event: 0.579 Thread 0x0000555555dd2780 Uncommon trap: trap_request=0xffffff45 fr.pc=0x00007fffe568fc60 relative=0x0000000000003160
Event: 0.579 Thread 0x0000555555dd2780 Uncommon trap: reason=unstable_if action=reinterpret pc=0x00007fffe568fc60 method=org.jpype.manager.MethodResolution.sortMethods(Ljava/util/List;)Ljava/util/List; @ 138 c2
Event: 0.579 Thread 0x0000555555dd2780 DEOPT PACKING pc=0x00007fffe568fc60 sp=0x00007fffffff9430
Event: 0.579 Thread 0x0000555555dd2780 DEOPT UNPACKING pc=0x00007fffe4eb2f99 sp=0x00007fffffff93b0 mode 2
Event: 0.601 Thread 0x0000555555dd2780 Uncommon trap: trap_request=0xffffff45 fr.pc=0x00007fffe5634890 relative=0x00000000000000f0
Event: 0.601 Thread 0x0000555555dd2780 Uncommon trap: reason=unstable_if action=reinterpret pc=0x00007fffe5634890 method=sun.reflect.generics.parser.SignatureParser.current()C @ 39 c2
Event: 0.601 Thread 0x0000555555dd2780 DEOPT PACKING pc=0x00007fffe5634890 sp=0x00007fffffff6d50
Event: 0.601 Thread 0x0000555555dd2780 DEOPT UNPACKING pc=0x00007fffe4eb2f99 sp=0x00007fffffff6d08 mode 2
Event: 0.603 Thread 0x0000555555dd2780 Uncommon trap: trap_request=0xffffffde fr.pc=0x00007fffe569469c relative=0x0000000000001fbc
Event: 0.603 Thread 0x0000555555dd2780 Uncommon trap: reason=class_check action=maybe_recompile pc=0x00007fffe569469c method=java.util.HashMap.putVal(ILjava/lang/Object;Ljava/lang/Object;ZZ)Ljava/lang/Object; @ 91 c2
Event: 0.603 Thread 0x0000555555dd2780 DEOPT PACKING pc=0x00007fffe569469c sp=0x00007fffffff7510
Event: 0.603 Thread 0x0000555555dd2780 DEOPT UNPACKING pc=0x00007fffe4eb2f99 sp=0x00007fffffff7450 mode 2

Classes loaded (20 events):
Event: 0.601 Loading class sun/reflect/generics/tree/Wildcard
Event: 0.601 Loading class sun/reflect/generics/tree/Wildcard done
Event: 0.601 Loading class sun/reflect/generics/tree/MethodTypeSignature
Event: 0.601 Loading class sun/reflect/generics/tree/Signature
Event: 0.601 Loading class sun/reflect/generics/tree/Signature done
Event: 0.601 Loading class sun/reflect/generics/tree/MethodTypeSignature done
Event: 0.601 Loading class sun/reflect/generics/reflectiveObjects/WildcardTypeImpl
Event: 0.602 Loading class java/lang/reflect/WildcardType
Event: 0.602 Loading class java/lang/reflect/WildcardType done
Event: 0.602 Loading class sun/reflect/generics/reflectiveObjects/LazyReflectiveObjectGenerator
Event: 0.602 Loading class sun/reflect/generics/reflectiveObjects/LazyReflectiveObjectGenerator done
Event: 0.602 Loading class sun/reflect/generics/reflectiveObjects/WildcardTypeImpl done
Event: 0.602 Loading class sun/reflect/generics/reflectiveObjects/ParameterizedTypeImpl
Event: 0.602 Loading class java/lang/reflect/ParameterizedType
Event: 0.602 Loading class java/lang/reflect/ParameterizedType done
Event: 0.602 Loading class sun/reflect/generics/reflectiveObjects/ParameterizedTypeImpl done
Event: 0.602 Loading class sun/reflect/generics/tree/ClassSignature
Event: 0.602 Loading class sun/reflect/generics/tree/ClassSignature done
Event: 0.602 Loading class sun/reflect/generics/reflectiveObjects/TypeVariableImpl
Event: 0.602 Loading class sun/reflect/generics/reflectiveObjects/TypeVariableImpl done

Classes unloaded (0 events):
No events

Classes redefined (0 events):
No events

Internal exceptions (20 events):
Event: 0.441 Thread 0x0000555555dd2780 Exception <a 'java/lang/ClassNotFoundException'{0x000000065111ee18}: sun/awt/resources/spi/awtProvider> (0x000000065111ee18) 
thrown [./src/hotspot/share/classfile/systemDictionary.cpp, line 312]
Event: 0.444 Thread 0x0000555555dd2780 Exception <a 'java/io/FileNotFoundException'{0x000000065114bd08}> (0x000000065114bd08) 
thrown [./src/hotspot/share/prims/jni.cpp, line 520]
Event: 0.508 Thread 0x0000555555dd2780 Exception <a 'java/lang/NoSuchMethodError'{0x0000000651b12a50}: 'java.lang.reflect.Method[] java.lang.Class.getMethods(java.lang.Class)'> (0x0000000651b12a50) 
thrown [./src/hotspot/share/interpreter/linkResolver.cpp, line 772]
Event: 0.509 Thread 0x0000555555dd2780 Exception <a 'java/lang/NoSuchMethodError'{0x0000000651b49960}: 'java.lang.ClassLoader java.lang.ClassLoader.getSystemClassLoader(java.lang.Class)'> (0x0000000651b49960) 
thrown [./src/hotspot/share/interpreter/linkResolver.cpp, line 772]
Event: 0.511 Thread 0x0000555555dd2780 Exception <a 'java/lang/NoSuchMethodError'{0x0000000651b72de0}: 'java.lang.Object java.lang.invoke.DelegatingMethodHandle$Holder.reinvoke_L(java.lang.Object, java.lang.Object, int, java.lang.Object, java.lang.Object)'> (0x0000000651b72de0) 
thrown [./src/hotspot/share/interpreter/linkResolver.cpp, line 772]
Event: 0.511 Thread 0x0000555555dd2780 Exception <a 'java/lang/NoSuchMethodError'{0x0000000651b7a378}: 'int java.lang.invoke.DirectMethodHandle$Holder.invokeSpecial(java.lang.Object, java.lang.Object, java.lang.Object, int)'> (0x0000000651b7a378) 
thrown [./src/hotspot/share/interpreter/linkResolver.cpp, line 772]
Event: 0.512 Thread 0x0000555555dd2780 Exception <a 'java/lang/NoSuchMethodError'{0x0000000651b8c578}: 'java.lang.Object java.lang.invoke.DirectMethodHandle$Holder.invokeStatic(java.lang.Object, java.lang.Object, java.lang.Object, java.lang.Object, int)'> (0x0000000651b8c578) 
thrown [./src/hotspot/share/interpreter/linkResolver.cpp, line 772]
Event: 0.513 Thread 0x0000555555dd2780 Exception <a 'java/lang/NoSuchMethodError'{0x0000000651ba62d0}: 'void java.lang.invoke.DirectMethodHandle$Holder.invokeStatic(java.lang.Object, java.lang.Object)'> (0x0000000651ba62d0) 
thrown [./src/hotspot/share/interpreter/linkResolver.cpp, line 772]
Event: 0.513 Thread 0x0000555555dd2780 Exception <a 'java/lang/NoSuchMethodError'{0x0000000651ba95b8}: 'void java.lang.invoke.DirectMethodHandle$Holder.invokeStaticInit(java.lang.Object, java.lang.Object)'> (0x0000000651ba95b8) 
thrown [./src/hotspot/share/interpreter/linkResolver.cpp, line 772]
Event: 0.583 Thread 0x0000555555dd2780 Exception <a 'java/lang/NoSuchMethodError'{0x00000007bfee9dd0}: method resolution failed> (0x00000007bfee9dd0) 
thrown [./src/hotspot/share/prims/methodHandles.cpp, line 1144]
Event: 0.584 Thread 0x0000555555dd2780 Exception <a 'java/lang/NoSuchMethodError'{0x00000007bff172e0}: method resolution failed> (0x00000007bff172e0) 
thrown [./src/hotspot/share/prims/methodHandles.cpp, line 1144]
Event: 0.584 Thread 0x0000555555dd2780 Exception <a 'java/lang/NoSuchMethodError'{0x00000007bff18610}: 'void java.lang.invoke.DirectMethodHandle$Holder.invokeSpecial(java.lang.Object, java.lang.Object, int)'> (0x00000007bff18610) 
thrown [./src/hotspot/share/interpreter/linkResolver.cpp, line 772]
Event: 0.584 Thread 0x0000555555dd2780 Exception <a 'java/lang/NoSuchMethodError'{0x00000007bff1f3a8}: 'void java.lang.invoke.DelegatingMethodHandle$Holder.reinvoke_L(java.lang.Object, java.lang.Object, int)'> (0x00000007bff1f3a8) 
thrown [./src/hotspot/share/interpreter/linkResolver.cpp, line 772]
Event: 0.585 Thread 0x0000555555dd2780 Exception <a 'java/lang/NoSuchMethodError'{0x00000007bff2ffd8}: method resolution failed> (0x00000007bff2ffd8) 
thrown [./src/hotspot/share/prims/methodHandles.cpp, line 1144]
Event: 0.585 Thread 0x0000555555dd2780 Exception <a 'java/lang/NoSuchMethodError'{0x00000007bff314e0}: 'void java.lang.invoke.DirectMethodHandle$Holder.invokeSpecial(java.lang.Object, java.lang.Object, java.lang.Object, java.lang.Object, java.lang.Object)'> (0x00000007bff314e0) 
thrown [./src/hotspot/share/interpreter/linkResolver.cpp, line 772]
Event: 0.586 Thread 0x0000555555dd2780 Exception <a 'java/lang/NoSuchMethodError'{0x00000007bff43a38}: 'void java.lang.invoke.DirectMethodHandle$Holder.invokeSpecial(java.lang.Object, java.lang.Object, java.lang.Object)'> (0x00000007bff43a38) 
thrown [./src/hotspot/share/interpreter/linkResolver.cpp, line 772]
Event: 0.586 Thread 0x0000555555dd2780 Exception <a 'java/lang/NoSuchMethodError'{0x00000007bff4a460}: 'void java.lang.invoke.Invokers$Holder.invokeExact_MT(java.lang.Object, java.lang.Object, java.lang.Object)'> (0x00000007bff4a460) 
thrown [./src/hotspot/share/interpreter/linkResolver.cpp, line 772]
Event: 0.595 Thread 0x0000555555dd2780 Exception <a 'java/lang/NoSuchMethodError'{0x00000007bfffc7e0}: 'java.lang.Object java.lang.invoke.Invokers$Holder.invokeExact_MT(java.lang.Object, java.lang.Object, java.lang.Object, java.lang.Object, java.lang.Object, java.lang.Object)'> (0x00000007bfffc7e0) 
thrown [./src/hotspot/share/interpreter/linkResolver.cpp, line 772]
Event: 0.596 Thread 0x0000555555dd2780 Exception <a 'java/lang/NoSuchMethodError'{0x00000006518036c8}: 'java.lang.reflect.Method[] java.lang.Class.getDeclaredMethods(java.lang.Class)'> (0x00000006518036c8) 
thrown [./src/hotspot/share/interpreter/linkResolver.cpp, line 772]
Event: 0.600 Thread 0x0000555555dd2780 Exception <a 'java/lang/NoSuchMethodError'{0x0000000651821418}: 'void java.lang.invoke.DirectMethodHandle$Holder.invokeInterface(java.lang.Object, java.lang.Object, java.lang.Object)'> (0x0000000651821418) 
thrown [./src/hotspot/share/interpreter/linkResolver.cpp, line 772]

ZGC Phase Switch (0 events):
No events

VM Operations (20 events):
Event: 0.289 Executing VM operation: HandshakeAllThreads (Deoptimize) done
Event: 0.359 Executing VM operation: G1CollectForAllocation (G1 Evacuation Pause)
Event: 0.362 Executing VM operation: G1CollectForAllocation (G1 Evacuation Pause) done
Event: 0.369 Executing VM operation: G1CollectFull (System.gc())
Event: 0.388 Executing VM operation: G1CollectFull (System.gc()) done
Event: 0.433 Executing VM operation: HandshakeAllThreads (Deoptimize)
Event: 0.433 Executing VM operation: HandshakeAllThreads (Deoptimize) done
Event: 0.446 Executing VM operation: HandshakeAllThreads (Deoptimize)
Event: 0.446 Executing VM operation: HandshakeAllThreads (Deoptimize) done
Event: 0.468 Executing VM operation: G1CollectForAllocation (G1 Evacuation Pause)
Event: 0.470 Executing VM operation: G1CollectForAllocation (G1 Evacuation Pause) done
Event: 0.516 Executing VM operation: G1CollectForAllocation (G1 Evacuation Pause)
Event: 0.519 Executing VM operation: G1CollectForAllocation (G1 Evacuation Pause) done
Event: 0.542 Executing VM operation: G1CollectFull (System.gc())
Event: 0.562 Executing VM operation: G1CollectFull (System.gc()) done
Event: 0.596 Executing VM operation: HandshakeAllThreads (Deoptimize)
Event: 0.596 Executing VM operation: HandshakeAllThreads (Deoptimize) done
Event: 0.605 Executing VM operation: ThreadDump
Event: 0.605 Executing VM operation: ThreadDump done
Event: 0.607 Executing VM operation: Exit

Memory protections (20 events):
Event: 0.017 Protecting memory [0x00007fffcdcfe000,0x00007fffcdd02000] with protection modes 0
Event: 0.017 Protecting memory [0x00007fffcdbfe000,0x00007fffcdc02000] with protection modes 0
Event: 0.018 Protecting memory [0x00007fffcdafe000,0x00007fffcdb02000] with protection modes 0
Event: 0.018 Protecting memory [0x00007fffcd9fe000,0x00007fffcda02000] with protection modes 0
Event: 0.018 Protecting memory [0x00007fffcd8fe000,0x00007fffcd902000] with protection modes 0
Event: 0.018 Protecting memory [0x00007fffcd7fe000,0x00007fffcd802000] with protection modes 0
Event: 0.018 Protecting memory [0x00007fffcd6fe000,0x00007fffcd702000] with protection modes 0
Event: 0.023 Protecting memory [0x00007fffcd5fe000,0x00007fffcd602000] with protection modes 0
Event: 0.026 Protecting memory [0x00007fffcd4fe000,0x00007fffcd502000] with protection modes 0
Event: 0.028 Protecting memory [0x00007fffcd3fe000,0x00007fffcd402000] with protection modes 0
Event: 0.041 Protecting memory [0x00007fffcd2fe000,0x00007fffcd302000] with protection modes 0
Event: 0.062 Protecting memory [0x00007ffff7e29000,0x00007ffff7e2a000] with protection modes 1
Event: 0.067 Protecting memory [0x00007fffcd1fe000,0x00007fffcd202000] with protection modes 0
Event: 0.088 Protecting memory [0x00007fffcd0fe000,0x00007fffcd102000] with protection modes 0
Event: 0.111 Protecting memory [0x00007fffccdfd000,0x00007fffcce01000] with protection modes 0
Event: 0.130 Protecting memory [0x00007fffcccfd000,0x00007fffccd01000] with protection modes 0
Event: 0.133 Protecting memory [0x00007fffccbfd000,0x00007fffccc01000] with protection modes 0
Event: 0.134 Protecting memory [0x00007fffccafd000,0x00007fffccb01000] with protection modes 0
Event: 0.598 Protecting memory [0x00007fffc3f00000,0x00007fffc3f04000] with protection modes 0
Event: 0.599 Protecting memory [0x00007fffc3e00000,0x00007fffc3e04000] with protection modes 0

Nmethod flushes (20 events):
Event: 0.553 Thread 0x0000555555faa820 flushing  nmethod 0x00007fffddca7390
Event: 0.553 Thread 0x0000555555faa820 flushing  nmethod 0x00007fffddca9610
Event: 0.553 Thread 0x0000555555faa820 flushing  nmethod 0x00007fffddcb8b10
Event: 0.553 Thread 0x0000555555faa820 flushing  nmethod 0x00007fffddcb9210
Event: 0.553 Thread 0x0000555555faa820 flushing  nmethod 0x00007fffddcb9710
Event: 0.553 Thread 0x0000555555faa820 flushing  nmethod 0x00007fffddcba310
Event: 0.553 Thread 0x0000555555faa820 flushing  nmethod 0x00007fffddcba910
Event: 0.553 Thread 0x0000555555faa820 flushing  nmethod 0x00007fffddcbac90
Event: 0.553 Thread 0x0000555555faa820 flushing  nmethod 0x00007fffddcbb210
Event: 0.553 Thread 0x0000555555faa820 flushing  nmethod 0x00007fffddcbb790
Event: 0.553 Thread 0x0000555555faa820 flushing  nmethod 0x00007fffddcbe990
Event: 0.553 Thread 0x0000555555faa820 flushing  nmethod 0x00007fffddcbef10
Event: 0.553 Thread 0x0000555555faa820 flushing  nmethod 0x00007fffddcbf490
Event: 0.553 Thread 0x0000555555faa820 flushing  nmethod 0x00007fffddcbf990
Event: 0.553 Thread 0x0000555555faa820 flushing  nmethod 0x00007fffddcc0310
Event: 0.553 Thread 0x0000555555faa820 flushing  nmethod 0x00007fffddcc0b10
Event: 0.553 Thread 0x0000555555faa820 flushing  nmethod 0x00007fffddcc1f90
Event: 0.553 Thread 0x0000555555faa820 flushing  nmethod 0x00007fffddccdd10
Event: 0.553 Thread 0x0000555555faa820 flushing  nmethod 0x00007fffddcce390
Event: 0.553 Thread 0x0000555555faa820 flushing  nmethod 0x00007fffddccf710

Events (20 events):
Event: 0.017 Thread 0x0000555555dd2780 Thread added: 0x000055555602a460
Event: 0.018 Thread 0x0000555555dd2780 Thread added: 0x000055555602baa0
Event: 0.018 Thread 0x0000555555dd2780 Thread added: 0x000055555602d040
Event: 0.018 Thread 0x0000555555dd2780 Thread added: 0x0000555556021c00
Event: 0.018 Thread 0x0000555555dd2780 Thread added: 0x00005555560232c0
Event: 0.022 Thread 0x00005555560232c0 Thread added: 0x00007fff7c00c020
Event: 0.026 Thread 0x00005555560232c0 Thread added: 0x00007fff7c036050
Event: 0.028 Thread 0x0000555555dd2780 Thread added: 0x000055555610a2b0
Event: 0.041 Thread 0x0000555555dd2780 Thread added: 0x0000555556141ef0
Event: 0.067 Thread 0x0000555555dd2780 Thread added: 0x00005555561ed390
Event: 0.088 Thread 0x00005555560232c0 Thread added: 0x00007fff7c09f8f0
Event: 0.111 Thread 0x00007fff7c00c020 Thread added: 0x00007fff78064730
Event: 0.130 Thread 0x00007fff7c00c020 Thread added: 0x00007fff78067e90
Event: 0.133 Thread 0x00005555560232c0 Thread added: 0x00007fff7c0bd970
Event: 0.134 Thread 0x00007fff78067e90 Thread added: 0x00007fff34001aa0
Event: 0.598 Thread 0x000055555602a460 Thread added: 0x00007fff940011c0
Event: 0.599 Thread 0x00007fff940011c0 Thread added: 0x00007fff0c001ce0
Event: 0.606 Thread 0x00005555561ed390 Thread exited: 0x00005555561ed390
Event: 0.606 Thread 0x00007fff0c001ce0 Thread exited: 0x00007fff0c001ce0
Event: 0.606 Thread 0x00007fff940011c0 Before exit entered


Dynamic libraries:
64e400000-651c00000 rw-p 00000000 00:00 0 
651c00000-7bfc00000 ---p 00000000 00:00 0 
7bfc00000-7c0030000 rw-p 00000000 00:00 0 
7c0030000-7c00b0000 rw-p 00000000 00:00 0 
7c00b0000-7c00d0000 rw-p 00000000 00:00 0 
7c00d0000-7c0110000 rw-p 00000000 00:00 0 
7c0110000-7c0130000 rw-p 00000000 00:00 0 
7c0130000-7c0140000 ---p 00000000 00:00 0 
7c0140000-7c01b0000 rw-p 00000000 00:00 0 
7c01b0000-800000000 ---p 00000000 00:00 0 
555555554000-5555555c1000 r--p 00000000 103:06 4862410                   /usr/bin/python3.10
5555555c1000-555555872000 r-xp 0006d000 103:06 4862410                   /usr/bin/python3.10
555555872000-555555ab1000 r--p 0031e000 103:06 4862410                   /usr/bin/python3.10
555555ab1000-555555ab8000 r--p 0055c000 103:06 4862410                   /usr/bin/python3.10
555555ab8000-555555af7000 rw-p 00563000 103:06 4862410                   /usr/bin/python3.10
555555af7000-555555b3d000 rw-p 00000000 00:00 0 
555555b3d000-555556da7000 rw-p 00000000 00:00 0                          [heap]
7fff04000000-7fff04033000 rw-p 00000000 00:00 0 
7fff04033000-7fff08000000 ---p 00000000 00:00 0 
7fff0c000000-7fff0c021000 rw-p 00000000 00:00 0 
7fff0c021000-7fff10000000 ---p 00000000 00:00 0 
7fff10000000-7fff10021000 rw-p 00000000 00:00 0 
7fff10021000-7fff14000000 ---p 00000000 00:00 0 
7fff18000000-7fff18021000 rw-p 00000000 00:00 0 
7fff18021000-7fff1c000000 ---p 00000000 00:00 0 
7fff1c000000-7fff1c021000 rw-p 00000000 00:00 0 
7fff1c021000-7fff20000000 ---p 00000000 00:00 0 
7fff24000000-7fff24021000 rw-p 00000000 00:00 0 
7fff24021000-7fff28000000 ---p 00000000 00:00 0 
7fff28000000-7fff28c18000 rw-p 00000000 00:00 0 
7fff28c18000-7fff2c000000 ---p 00000000 00:00 0 
7fff30000000-7fff30a58000 rw-p 00000000 00:00 0 
7fff30a58000-7fff34000000 ---p 00000000 00:00 0 
7fff34000000-7fff34d6e000 rw-p 00000000 00:00 0 
7fff34d6e000-7fff38000000 ---p 00000000 00:00 0 
7fff3c000000-7fff3caba000 rw-p 00000000 00:00 0 
7fff3caba000-7fff40000000 ---p 00000000 00:00 0 
7fff40000000-7fff40021000 rw-p 00000000 00:00 0 
7fff40021000-7fff44000000 ---p 00000000 00:00 0 
7fff48000000-7fff48021000 rw-p 00000000 00:00 0 
7fff48021000-7fff4c000000 ---p 00000000 00:00 0 
7fff4c000000-7fff4c021000 rw-p 00000000 00:00 0 
7fff4c021000-7fff50000000 ---p 00000000 00:00 0 
7fff54000000-7fff54021000 rw-p 00000000 00:00 0 
7fff54021000-7fff58000000 ---p 00000000 00:00 0 
7fff58000000-7fff58282000 rw-p 00000000 00:00 0 
7fff58282000-7fff5c000000 ---p 00000000 00:00 0 
7fff60000000-7fff60021000 rw-p 00000000 00:00 0 
7fff60021000-7fff64000000 ---p 00000000 00:00 0 
7fff64000000-7fff64021000 rw-p 00000000 00:00 0 
7fff64021000-7fff68000000 ---p 00000000 00:00 0 
7fff6c000000-7fff6c021000 rw-p 00000000 00:00 0 
7fff6c021000-7fff70000000 ---p 00000000 00:00 0 
7fff70000000-7fff7036c000 rw-p 00000000 00:00 0 
7fff7036c000-7fff74000000 ---p 00000000 00:00 0 
7fff78000000-7fff78347000 rw-p 00000000 00:00 0 
7fff78347000-7fff7c000000 ---p 00000000 00:00 0 
7fff7c000000-7fff7c353000 rw-p 00000000 00:00 0 
7fff7c353000-7fff80000000 ---p 00000000 00:00 0 
7fff84000000-7fff85e0a000 rw-p 00000000 00:00 0 
7fff85e0a000-7fff88000000 ---p 00000000 00:00 0 
7fff88000000-7fff88021000 rw-p 00000000 00:00 0 
7fff88021000-7fff8c000000 ---p 00000000 00:00 0 
7fff90000000-7fff90021000 rw-p 00000000 00:00 0 
7fff90021000-7fff94000000 ---p 00000000 00:00 0 
7fff94000000-7fff94021000 rw-p 00000000 00:00 0 
7fff94021000-7fff98000000 ---p 00000000 00:00 0 
7fff9c000000-7fff9c021000 rw-p 00000000 00:00 0 
7fff9c021000-7fffa0000000 ---p 00000000 00:00 0 
7fffa0000000-7fffa0021000 rw-p 00000000 00:00 0 
7fffa0021000-7fffa4000000 ---p 00000000 00:00 0 
7fffa8000000-7fffa8c2a000 rw-p 00000000 00:00 0 
7fffa8c2a000-7fffac000000 ---p 00000000 00:00 0 
7fffac000000-7fffac4f0000 rw-p 00000000 00:00 0 
7fffac4f0000-7fffac510000 rw-p 00000000 00:00 0 
7fffac510000-7fffac530000 rw-p 00000000 00:00 0 
7fffac530000-7fffac570000 rw-p 00000000 00:00 0 
7fffac570000-7fffac6f0000 rw-p 00000000 00:00 0 
7fffac6f0000-7fffac730000 rw-p 00000000 00:00 0 
7fffac730000-7fffac770000 rw-p 00000000 00:00 0 
7fffac770000-7fffac8f0000 rw-p 00000000 00:00 0 
7fffac8f0000-7fffac950000 rw-p 00000000 00:00 0 
7fffac950000-7fffac970000 rw-p 00000000 00:00 0 
7fffac970000-7fffaca50000 rw-p 00000000 00:00 0 
7fffaca50000-7fffaca70000 rw-p 00000000 00:00 0 
7fffaca70000-7fffacaf0000 rw-p 00000000 00:00 0 
7fffacaf0000-7fffaccf0000 rw-p 00000000 00:00 0 
7fffaccf0000-7ffface80000 rw-p 00000000 00:00 0 
7ffface80000-7fffacf00000 ---p 00000000 00:00 0 
7fffacf00000-7fffacf40000 rw-p 00000000 00:00 0 
7fffacf40000-7fffb0000000 ---p 00000000 00:00 0 
7fffb0000000-7fffb0021000 rw-p 00000000 00:00 0 
7fffb0021000-7fffb4000000 ---p 00000000 00:00 0 
7fffb8000000-7fffb8021000 rw-p 00000000 00:00 0 
7fffb8021000-7fffbc000000 ---p 00000000 00:00 0 
7fffbc000000-7fffbc021000 rw-p 00000000 00:00 0 
7fffbc021000-7fffc0000000 ---p 00000000 00:00 0 
7fffc3e00000-7fffc3e04000 ---p 00000000 00:00 0 
7fffc3e04000-7fffc3f00000 rw-p 00000000 00:00 0 
7fffc3f00000-7fffc3f04000 ---p 00000000 00:00 0 
7fffc3f04000-7fffc4000000 rw-p 00000000 00:00 0 
7fffc4000000-7fffc4021000 rw-p 00000000 00:00 0 
7fffc4021000-7fffc8000000 ---p 00000000 00:00 0 
7fffc8000000-7fffc8021000 rw-p 00000000 00:00 0 
7fffc8021000-7fffcc000000 ---p 00000000 00:00 0 
7fffcc0ba000-7fffcc0bb000 ---p 00000000 00:00 0 
7fffcc0bb000-7fffcc1bb000 rw-p 00000000 00:00 0 
7fffcc1bb000-7fffcc1bc000 ---p 00000000 00:00 0 
7fffcc1bc000-7fffcc2bc000 rw-p 00000000 00:00 0 
7fffcc2bc000-7fffcc2bd000 ---p 00000000 00:00 0 
7fffcc2bd000-7fffcc3bd000 rw-p 00000000 00:00 0 
7fffcc3bd000-7fffcc3d6000 r--p 00000000 103:06 4886482                   /usr/lib/x86_64-linux-gnu/libX11.so.6.4.0
7fffcc3d6000-7fffcc462000 r-xp 00019000 103:06 4886482                   /usr/lib/x86_64-linux-gnu/libX11.so.6.4.0
7fffcc462000-7fffcc4f7000 r--p 000a5000 103:06 4886482                   /usr/lib/x86_64-linux-gnu/libX11.so.6.4.0
7fffcc4f7000-7fffcc4f8000 ---p 0013a000 103:06 4886482                   /usr/lib/x86_64-linux-gnu/libX11.so.6.4.0
7fffcc4f8000-7fffcc4f9000 r--p 0013a000 103:06 4886482                   /usr/lib/x86_64-linux-gnu/libX11.so.6.4.0
7fffcc4f9000-7fffcc4fd000 rw-p 0013b000 103:06 4886482                   /usr/lib/x86_64-linux-gnu/libX11.so.6.4.0
7fffcc4fd000-7fffcc4fe000 ---p 00000000 00:00 0 
7fffcc4fe000-7fffcc5fe000 rw-p 00000000 00:00 0 
7fffcc5fe000-7fffcc5ff000 ---p 00000000 00:00 0 
7fffcc5ff000-7fffcc6ff000 rw-p 00000000 00:00 0 
7fffcc6ff000-7fffcc700000 ---p 00000000 00:00 0 
7fffcc700000-7fffcc800000 rw-p 00000000 00:00 0 
7fffcc88e000-7fffcc89c000 r--p 00000000 103:06 4887912                   /usr/lib/x86_64-linux-gnu/libtinfo.so.6.3
7fffcc89c000-7fffcc8ad000 r-xp 0000e000 103:06 4887912                   /usr/lib/x86_64-linux-gnu/libtinfo.so.6.3
7fffcc8ad000-7fffcc8bb000 r--p 0001f000 103:06 4887912                   /usr/lib/x86_64-linux-gnu/libtinfo.so.6.3
7fffcc8bb000-7fffcc8bf000 r--p 0002c000 103:06 4887912                   /usr/lib/x86_64-linux-gnu/libtinfo.so.6.3
7fffcc8bf000-7fffcc8c0000 rw-p 00030000 103:06 4887912                   /usr/lib/x86_64-linux-gnu/libtinfo.so.6.3
7fffcc8c0000-7fffcc8d4000 r--p 00000000 103:06 4887739                   /usr/lib/x86_64-linux-gnu/libreadline.so.8.1
7fffcc8d4000-7fffcc900000 r-xp 00014000 103:06 4887739                   /usr/lib/x86_64-linux-gnu/libreadline.so.8.1
7fffcc900000-7fffcc90a000 r--p 00040000 103:06 4887739                   /usr/lib/x86_64-linux-gnu/libreadline.so.8.1
7fffcc90a000-7fffcc90b000 ---p 0004a000 103:06 4887739                   /usr/lib/x86_64-linux-gnu/libreadline.so.8.1
7fffcc90b000-7fffcc90d000 r--p 0004a000 103:06 4887739                   /usr/lib/x86_64-linux-gnu/libreadline.so.8.1
7fffcc90d000-7fffcc913000 rw-p 0004c000 103:06 4887739                   /usr/lib/x86_64-linux-gnu/libreadline.so.8.1
7fffcc913000-7fffcc914000 rw-p 00000000 00:00 0 
7fffcc914000-7fffcc932000 r--p 00000000 103:06 5124466                   /usr/lib/jvm/java-21-openjdk-amd64/lib/libawt.so
7fffcc932000-7fffcc9be000 r-xp 0001e000 103:06 5124466                   /usr/lib/jvm/java-21-openjdk-amd64/lib/libawt.so
7fffcc9be000-7fffcc9cb000 r--p 000aa000 103:06 5124466                   /usr/lib/jvm/java-21-openjdk-amd64/lib/libawt.so
7fffcc9cb000-7fffcc9cc000 r--p 000b6000 103:06 5124466                   /usr/lib/jvm/java-21-openjdk-amd64/lib/libawt.so
7fffcc9cc000-7fffcc9d7000 rw-p 000b7000 103:06 5124466                   /usr/lib/jvm/java-21-openjdk-amd64/lib/libawt.so
7fffcc9d7000-7fffcc9fc000 rw-p 00000000 00:00 0 
7fffcc9fc000-7fffcc9fd000 ---p 00000000 00:00 0 
7fffcc9fd000-7fffccafd000 rw-p 00000000 00:00 0 
7fffccafd000-7fffccb01000 ---p 00000000 00:00 0 
7fffccb01000-7fffccbfd000 rw-p 00000000 00:00 0 
7fffccbfd000-7fffccc01000 ---p 00000000 00:00 0 
7fffccc01000-7fffcccfd000 rw-p 00000000 00:00 0 
7fffcccfd000-7fffccd01000 ---p 00000000 00:00 0 
7fffccd01000-7fffccdfd000 rw-p 00000000 00:00 0 
7fffccdfd000-7fffcce01000 ---p 00000000 00:00 0 
7fffcce01000-7fffccefd000 rw-p 00000000 00:00 0 
7fffccefd000-7fffccffd000 rw-p 00000000 00:00 0 
7fffccffd000-7fffccffe000 ---p 00000000 00:00 0 
7fffccffe000-7fffcd0fe000 rw-p 00000000 00:00 0 
7fffcd0fe000-7fffcd102000 ---p 00000000 00:00 0 
7fffcd102000-7fffcd1fe000 rw-p 00000000 00:00 0 
7fffcd1fe000-7fffcd202000 ---p 00000000 00:00 0 
7fffcd202000-7fffcd2fe000 rw-p 00000000 00:00 0 
7fffcd2fe000-7fffcd302000 ---p 00000000 00:00 0 
7fffcd302000-7fffcd3fe000 rw-p 00000000 00:00 0 
7fffcd3fe000-7fffcd402000 ---p 00000000 00:00 0 
7fffcd402000-7fffcd4fe000 rw-p 00000000 00:00 0 
7fffcd4fe000-7fffcd502000 ---p 00000000 00:00 0 
7fffcd502000-7fffcd5fe000 rw-p 00000000 00:00 0 
7fffcd5fe000-7fffcd602000 ---p 00000000 00:00 0 
7fffcd602000-7fffcd6fe000 rw-p 00000000 00:00 0 
7fffcd6fe000-7fffcd702000 ---p 00000000 00:00 0 
7fffcd702000-7fffcd7fe000 rw-p 00000000 00:00 0 
7fffcd7fe000-7fffcd802000 ---p 00000000 00:00 0 
7fffcd802000-7fffcd8fe000 rw-p 00000000 00:00 0 
7fffcd8fe000-7fffcd902000 ---p 00000000 00:00 0 
7fffcd902000-7fffcd9fe000 rw-p 00000000 00:00 0 
7fffcd9fe000-7fffcda02000 ---p 00000000 00:00 0 
7fffcda02000-7fffcdafe000 rw-p 00000000 00:00 0 
7fffcdafe000-7fffcdb02000 ---p 00000000 00:00 0 
7fffcdb02000-7fffcdbfe000 rw-p 00000000 00:00 0 
7fffcdbfe000-7fffcdc02000 ---p 00000000 00:00 0 
7fffcdc02000-7fffcdcfe000 rw-p 00000000 00:00 0 
7fffcdcfe000-7fffcdd02000 ---p 00000000 00:00 0 
7fffcdd02000-7fffcddfe000 rw-p 00000000 00:00 0 
7fffcddfe000-7fffcddff000 ---p 00000000 00:00 0 
7fffcddff000-7fffcdeff000 rw-p 00000000 00:00 0 
7fffcdeff000-7fffcdf00000 ---p 00000000 00:00 0 
7fffcdf00000-7fffce000000 rw-p 00000000 00:00 0 
7fffce000000-7fffd0000000 rw-p 00000000 00:00 0 
7fffd0000000-7fffd0021000 rw-p 00000000 00:00 0 
7fffd0021000-7fffd4000000 ---p 00000000 00:00 0 
7fffd401c000-7fffd4021000 r--p 00000000 103:06 5124488                   /usr/lib/jvm/java-21-openjdk-amd64/lib/libjsvml.so
7fffd4021000-7fffd4062000 r-xp 00005000 103:06 5124488                   /usr/lib/jvm/java-21-openjdk-amd64/lib/libjsvml.so
7fffd4062000-7fffd40eb000 r--p 00046000 103:06 5124488                   /usr/lib/jvm/java-21-openjdk-amd64/lib/libjsvml.so
7fffd40eb000-7fffd40ec000 r--p 000ce000 103:06 5124488                   /usr/lib/jvm/java-21-openjdk-amd64/lib/libjsvml.so
7fffd40ec000-7fffd40ed000 rw-p 000cf000 103:06 5124488                   /usr/lib/jvm/java-21-openjdk-amd64/lib/libjsvml.so
7fffd40ed000-7fffd40ee000 ---p 00000000 00:00 0 
7fffd40ee000-7fffd41ee000 rw-p 00000000 00:00 0 
7fffd41ee000-7fffd41ef000 ---p 00000000 00:00 0 
7fffd41ef000-7fffd42ef000 rw-p 00000000 00:00 0 
7fffd42ef000-7fffd51fe000 rw-p 00000000 00:00 0 
7fffd51fe000-7fffd51ff000 ---p 00000000 00:00 0 
7fffd51ff000-7fffd52ff000 rw-p 00000000 00:00 0 
7fffd52ff000-7fffd5300000 ---p 00000000 00:00 0 
7fffd5300000-7fffd5400000 rw-p 00000000 00:00 0 
7fffd5400000-7fffd54e0000 rw-p 00000000 00:00 0 
7fffd54e0000-7fffdb060000 ---p 00000000 00:00 0 
7fffdb060000-7fffdb070000 rw-p 00000000 00:00 0 
7fffdb086000-7fffdb098000 r--p 00000000 103:06 5124402                   /usr/lib/jvm/java-21-openjdk-amd64/lib/libawt_xawt.so
7fffdb098000-7fffdb0de000 r-xp 00012000 103:06 5124402                   /usr/lib/jvm/java-21-openjdk-amd64/lib/libawt_xawt.so
7fffdb0de000-7fffdb0f6000 r--p 00058000 103:06 5124402                   /usr/lib/jvm/java-21-openjdk-amd64/lib/libawt_xawt.so
7fffdb0f6000-7fffdb0fb000 r--p 0006f000 103:06 5124402                   /usr/lib/jvm/java-21-openjdk-amd64/lib/libawt_xawt.so
7fffdb0fb000-7fffdb0fd000 rw-p 00074000 103:06 5124402                   /usr/lib/jvm/java-21-openjdk-amd64/lib/libawt_xawt.so
7fffdb0fd000-7fffdb0ff000 rw-p 00000000 00:00 0 
7fffdb0ff000-7fffdb100000 ---p 00000000 00:00 0 
7fffdb100000-7fffdb200000 rw-p 00000000 00:00 0 
7fffdb200000-7fffdb21c000 rw-p 00000000 00:00 0 
7fffdb21c000-7fffdbd8c000 ---p 00000000 00:00 0 
7fffdbd8c000-7fffdbd8e000 rw-p 00000000 00:00 0 
7fffdbd9d000-7fffdbd9f000 r--p 00000000 103:06 4887445                   /usr/lib/x86_64-linux-gnu/libmd.so.0.0.5
7fffdbd9f000-7fffdbda6000 r-xp 00002000 103:06 4887445                   /usr/lib/x86_64-linux-gnu/libmd.so.0.0.5
7fffdbda6000-7fffdbda8000 r--p 00009000 103:06 4887445                   /usr/lib/x86_64-linux-gnu/libmd.so.0.0.5
7fffdbda8000-7fffdbda9000 r--p 0000a000 103:06 4887445                   /usr/lib/x86_64-linux-gnu/libmd.so.0.0.5
7fffdbda9000-7fffdbdaa000 rw-p 0000b000 103:06 4887445                   /usr/lib/x86_64-linux-gnu/libmd.so.0.0.5
7fffdbdaa000-7fffdbdae000 r--p 00000000 103:06 4886779                   /usr/lib/x86_64-linux-gnu/libbsd.so.0.11.5
7fffdbdae000-7fffdbdbb000 r-xp 00004000 103:06 4886779                   /usr/lib/x86_64-linux-gnu/libbsd.so.0.11.5
7fffdbdbb000-7fffdbdbe000 r--p 00011000 103:06 4886779                   /usr/lib/x86_64-linux-gnu/libbsd.so.0.11.5
7fffdbdbe000-7fffdbdbf000 ---p 00014000 103:06 4886779                   /usr/lib/x86_64-linux-gnu/libbsd.so.0.11.5
7fffdbdbf000-7fffdbdc0000 r--p 00014000 103:06 4886779                   /usr/lib/x86_64-linux-gnu/libbsd.so.0.11.5
7fffdbdc0000-7fffdbdc1000 rw-p 00015000 103:06 4886779                   /usr/lib/x86_64-linux-gnu/libbsd.so.0.11.5
7fffdbdc1000-7fffdbdc2000 rw-p 00000000 00:00 0 
7fffdbdc2000-7fffdbdcd000 r--p 00000000 103:06 4888105                   /usr/lib/x86_64-linux-gnu/libxcb.so.1.1.0
7fffdbdcd000-7fffdbde1000 r-xp 0000b000 103:06 4888105                   /usr/lib/x86_64-linux-gnu/libxcb.so.1.1.0
7fffdbde1000-7fffdbdea000 r--p 0001f000 103:06 4888105                   /usr/lib/x86_64-linux-gnu/libxcb.so.1.1.0
7fffdbdea000-7fffdbdeb000 r--p 00027000 103:06 4888105                   /usr/lib/x86_64-linux-gnu/libxcb.so.1.1.0
7fffdbdeb000-7fffdbdec000 rw-p 00028000 103:06 4888105                   /usr/lib/x86_64-linux-gnu/libxcb.so.1.1.0
7fffdbdec000-7fffdbdef000 r--p 00000000 103:06 4886507                   /usr/lib/x86_64-linux-gnu/libXi.so.6.1.0
7fffdbdef000-7fffdbdfb000 r-xp 00003000 103:06 4886507                   /usr/lib/x86_64-linux-gnu/libXi.so.6.1.0
7fffdbdfb000-7fffdbdfe000 r--p 0000f000 103:06 4886507                   /usr/lib/x86_64-linux-gnu/libXi.so.6.1.0
7fffdbdfe000-7fffdbdff000 r--p 00011000 103:06 4886507                   /usr/lib/x86_64-linux-gnu/libXi.so.6.1.0
7fffdbdff000-7fffdbe00000 rw-p 00012000 103:06 4886507                   /usr/lib/x86_64-linux-gnu/libXi.so.6.1.0
7fffdbe00000-7fffdbe1c000 rw-p 00000000 00:00 0 
7fffdbe1c000-7fffdc98c000 ---p 00000000 00:00 0 
7fffdc98c000-7fffdc98e000 rw-p 00000000 00:00 0 
7fffdc997000-7fffdc999000 r--p 00000000 103:06 4886497                   /usr/lib/x86_64-linux-gnu/libXdmcp.so.6.0.0
7fffdc999000-7fffdc99b000 r-xp 00002000 103:06 4886497                   /usr/lib/x86_64-linux-gnu/libXdmcp.so.6.0.0
7fffdc99b000-7fffdc99d000 r--p 00004000 103:06 4886497                   /usr/lib/x86_64-linux-gnu/libXdmcp.so.6.0.0
7fffdc99d000-7fffdc99e000 r--p 00005000 103:06 4886497                   /usr/lib/x86_64-linux-gnu/libXdmcp.so.6.0.0
7fffdc99e000-7fffdc99f000 rw-p 00006000 103:06 4886497                   /usr/lib/x86_64-linux-gnu/libXdmcp.so.6.0.0
7fffdc99f000-7fffdc9a3000 r--p 00000000 103:06 4886499                   /usr/lib/x86_64-linux-gnu/libXext.so.6.4.0
7fffdc9a3000-7fffdc9ae000 r-xp 00004000 103:06 4886499                   /usr/lib/x86_64-linux-gnu/libXext.so.6.4.0
7fffdc9ae000-7fffdc9b2000 r--p 0000f000 103:06 4886499                   /usr/lib/x86_64-linux-gnu/libXext.so.6.4.0
7fffdc9b2000-7fffdc9b3000 r--p 00012000 103:06 4886499                   /usr/lib/x86_64-linux-gnu/libXext.so.6.4.0
7fffdc9b3000-7fffdc9b4000 rw-p 00013000 103:06 4886499                   /usr/lib/x86_64-linux-gnu/libXext.so.6.4.0
7fffdc9b4000-7fffdda00000 rw-p 00000000 00:00 0 
7fffdda00000-7fffddde0000 rwxp 00000000 00:00 0 
7fffddde0000-7fffe4e5f000 ---p 00000000 00:00 0 
7fffe4e5f000-7fffe517f000 rwxp 00000000 00:00 0 
7fffe517f000-7fffe55a0000 ---p 00000000 00:00 0 
7fffe55a0000-7fffe5810000 rwxp 00000000 00:00 0 
7fffe5810000-7fffeca00000 ---p 00000000 00:00 0 
7fffeca00000-7ffff5005000 r--s 00000000 103:06 5161073                   /usr/lib/jvm/java-21-openjdk-amd64/lib/modules
7ffff500c000-7ffff500e000 r--p 00000000 103:06 4886525                   /usr/lib/x86_64-linux-gnu/libXtst.so.6.1.0
7ffff500e000-7ffff5011000 r-xp 00002000 103:06 4886525                   /usr/lib/x86_64-linux-gnu/libXtst.so.6.1.0
7ffff5011000-7ffff5012000 r--p 00005000 103:06 4886525                   /usr/lib/x86_64-linux-gnu/libXtst.so.6.1.0
7ffff5012000-7ffff5013000 r--p 00005000 103:06 4886525                   /usr/lib/x86_64-linux-gnu/libXtst.so.6.1.0
7ffff5013000-7ffff5014000 rw-p 00006000 103:06 4886525                   /usr/lib/x86_64-linux-gnu/libXtst.so.6.1.0
7ffff5023000-7ffff5026000 r--p 00000000 103:06 4882976                   /usr/lib/python3.10/lib-dynload/readline.cpython-310-x86_64-linux-gnu.so
7ffff5026000-7ffff5029000 r-xp 00003000 103:06 4882976                   /usr/lib/python3.10/lib-dynload/readline.cpython-310-x86_64-linux-gnu.so
7ffff5029000-7ffff502b000 r--p 00006000 103:06 4882976                   /usr/lib/python3.10/lib-dynload/readline.cpython-310-x86_64-linux-gnu.so
7ffff502b000-7ffff502c000 ---p 00008000 103:06 4882976                   /usr/lib/python3.10/lib-dynload/readline.cpython-310-x86_64-linux-gnu.so
7ffff502c000-7ffff502d000 r--p 00008000 103:06 4882976                   /usr/lib/python3.10/lib-dynload/readline.cpython-310-x86_64-linux-gnu.so
7ffff502d000-7ffff502e000 rw-p 00009000 103:06 4882976                   /usr/lib/python3.10/lib-dynload/readline.cpython-310-x86_64-linux-gnu.so
7ffff502e000-7ffff5033000 rw-p 00000000 00:00 0 
7ffff5033000-7ffff5117000 ---p 00000000 00:00 0 
7ffff5117000-7ffff511f000 rw-p 00000000 00:00 0 
7ffff511f000-7ffff5200000 ---p 00000000 00:00 0 
7ffff5200000-7ffff5496000 r--p 00000000 103:06 5161077                   /usr/lib/jvm/java-21-openjdk-amd64/lib/server/libjvm.so
7ffff5496000-7ffff6301000 r-xp 00296000 103:06 5161077                   /usr/lib/jvm/java-21-openjdk-amd64/lib/server/libjvm.so
7ffff6301000-7ffff65d4000 r--p 01101000 103:06 5161077                   /usr/lib/jvm/java-21-openjdk-amd64/lib/server/libjvm.so
7ffff65d4000-7ffff66a4000 r--p 013d3000 103:06 5161077                   /usr/lib/jvm/java-21-openjdk-amd64/lib/server/libjvm.so
7ffff66a4000-7ffff66d4000 rw-p 014a3000 103:06 5161077                   /usr/lib/jvm/java-21-openjdk-amd64/lib/server/libjvm.so
7ffff66d4000-7ffff673a000 rw-p 00000000 00:00 0 
7ffff673b000-7ffff673d000 r--p 00000000 103:06 4886519                   /usr/lib/x86_64-linux-gnu/libXrender.so.1.3.0
7ffff673d000-7ffff6744000 r-xp 00002000 103:06 4886519                   /usr/lib/x86_64-linux-gnu/libXrender.so.1.3.0
7ffff6744000-7ffff6746000 r--p 00009000 103:06 4886519                   /usr/lib/x86_64-linux-gnu/libXrender.so.1.3.0
7ffff6746000-7ffff6747000 r--p 0000a000 103:06 4886519                   /usr/lib/x86_64-linux-gnu/libXrender.so.1.3.0
7ffff6747000-7ffff6748000 rw-p 0000b000 103:06 4886519                   /usr/lib/x86_64-linux-gnu/libXrender.so.1.3.0
7ffff6748000-7ffff674b000 r--p 00000000 103:06 5124497                   /usr/lib/jvm/java-21-openjdk-amd64/lib/libnet.so
7ffff674b000-7ffff6753000 r-xp 00003000 103:06 5124497                   /usr/lib/jvm/java-21-openjdk-amd64/lib/libnet.so
7ffff6753000-7ffff6755000 r--p 0000b000 103:06 5124497                   /usr/lib/jvm/java-21-openjdk-amd64/lib/libnet.so
7ffff6755000-7ffff6756000 r--p 0000c000 103:06 5124497                   /usr/lib/jvm/java-21-openjdk-amd64/lib/libnet.so
7ffff6756000-7ffff6757000 rw-p 0000d000 103:06 5124497                   /usr/lib/jvm/java-21-openjdk-amd64/lib/libnet.so
7ffff6757000-7ffff6b43000 rw-p 00000000 00:00 0 
7ffff6b43000-7ffff6b46000 r--p 00000000 103:06 4887431                   /usr/lib/x86_64-linux-gnu/liblzma.so.5.2.5
7ffff6b46000-7ffff6b61000 r-xp 00003000 103:06 4887431                   /usr/lib/x86_64-linux-gnu/liblzma.so.5.2.5
7ffff6b61000-7ffff6b6c000 r--p 0001e000 103:06 4887431                   /usr/lib/x86_64-linux-gnu/liblzma.so.5.2.5
7ffff6b6c000-7ffff6b6d000 r--p 00028000 103:06 4887431                   /usr/lib/x86_64-linux-gnu/liblzma.so.5.2.5
7ffff6b6d000-7ffff6b6e000 rw-p 00029000 103:06 4887431                   /usr/lib/x86_64-linux-gnu/liblzma.so.5.2.5
7ffff6b71000-7ffff6b78000 r--p 00000000 103:06 5124498                   /usr/lib/jvm/java-21-openjdk-amd64/lib/libnio.so
7ffff6b78000-7ffff6b81000 r-xp 00007000 103:06 5124498                   /usr/lib/jvm/java-21-openjdk-amd64/lib/libnio.so
7ffff6b81000-7ffff6b85000 r--p 00010000 103:06 5124498                   /usr/lib/jvm/java-21-openjdk-amd64/lib/libnio.so
7ffff6b85000-7ffff6b86000 ---p 00014000 103:06 5124498                   /usr/lib/jvm/java-21-openjdk-amd64/lib/libnio.so
7ffff6b86000-7ffff6b87000 r--p 00014000 103:06 5124498                   /usr/lib/jvm/java-21-openjdk-amd64/lib/libnio.so
7ffff6b87000-7ffff6b88000 rw-p 00015000 103:06 5124498                   /usr/lib/jvm/java-21-openjdk-amd64/lib/libnio.so
7ffff6b88000-7ffff6b8d000 r--p 00000000 103:06 4887472                   /usr/lib/x86_64-linux-gnu/libmpdec.so.2.5.1
7ffff6b8d000-7ffff6bae000 r-xp 00005000 103:06 4887472                   /usr/lib/x86_64-linux-gnu/libmpdec.so.2.5.1
7ffff6bae000-7ffff6bb5000 r--p 00026000 103:06 4887472                   /usr/lib/x86_64-linux-gnu/libmpdec.so.2.5.1
7ffff6bb5000-7ffff6bb6000 r--p 0002c000 103:06 4887472                   /usr/lib/x86_64-linux-gnu/libmpdec.so.2.5.1
7ffff6bb6000-7ffff6bb7000 rw-p 0002d000 103:06 4887472                   /usr/lib/x86_64-linux-gnu/libmpdec.so.2.5.1
7ffff6bba000-7ffff6bbc000 r--p 00000000 103:06 5161072                   /usr/lib/jvm/java-21-openjdk-amd64/lib/libzip.so
7ffff6bbc000-7ffff6bc1000 r-xp 00002000 103:06 5161072                   /usr/lib/jvm/java-21-openjdk-amd64/lib/libzip.so
7ffff6bc1000-7ffff6bc3000 r--p 00007000 103:06 5161072                   /usr/lib/jvm/java-21-openjdk-amd64/lib/libzip.so
7ffff6bc3000-7ffff6bc4000 r--p 00008000 103:06 5161072                   /usr/lib/jvm/java-21-openjdk-amd64/lib/libzip.so
7ffff6bc4000-7ffff6bc5000 rw-p 00009000 103:06 5161072                   /usr/lib/jvm/java-21-openjdk-amd64/lib/libzip.so
7ffff6bc5000-7ffff6bcc000 rw-p 00000000 00:00 0 
7ffff6bcc000-7ffff6bd4000 ---p 00000000 00:00 0 
7ffff6bd4000-7ffff6be1000 r--p 00000000 103:06 5124479                   /usr/lib/jvm/java-21-openjdk-amd64/lib/libjava.so
7ffff6be1000-7ffff6bef000 r-xp 0000d000 103:06 5124479                   /usr/lib/jvm/java-21-openjdk-amd64/lib/libjava.so
7ffff6bef000-7ffff6bf4000 r--p 0001b000 103:06 5124479                   /usr/lib/jvm/java-21-openjdk-amd64/lib/libjava.so
7ffff6bf4000-7ffff6bf5000 ---p 00020000 103:06 5124479                   /usr/lib/jvm/java-21-openjdk-amd64/lib/libjava.so
7ffff6bf5000-7ffff6bf6000 r--p 00020000 103:06 5124479                   /usr/lib/jvm/java-21-openjdk-amd64/lib/libjava.so
7ffff6bf6000-7ffff6bf7000 rw-p 00021000 103:06 5124479                   /usr/lib/jvm/java-21-openjdk-amd64/lib/libjava.so
7ffff6bf7000-7ffff6bf8000 rw-p 00000000 00:00 0 
7ffff6bf8000-7ffff6c00000 rw-s 00000000 103:06 1576313                   /tmp/hsperfdata_tenebris/887862
7ffff6c00000-7ffff6c9a000 r--p 00000000 103:06 4887870                   /usr/lib/x86_64-linux-gnu/libstdc++.so.6.0.30
7ffff6c9a000-7ffff6dab000 r-xp 0009a000 103:06 4887870                   /usr/lib/x86_64-linux-gnu/libstdc++.so.6.0.30
7ffff6dab000-7ffff6e1a000 r--p 001ab000 103:06 4887870                   /usr/lib/x86_64-linux-gnu/libstdc++.so.6.0.30
7ffff6e1a000-7ffff6e1b000 ---p 0021a000 103:06 4887870                   /usr/lib/x86_64-linux-gnu/libstdc++.so.6.0.30
7ffff6e1b000-7ffff6e26000 r--p 0021a000 103:06 4887870                   /usr/lib/x86_64-linux-gnu/libstdc++.so.6.0.30
7ffff6e26000-7ffff6e29000 rw-p 00225000 103:06 4887870                   /usr/lib/x86_64-linux-gnu/libstdc++.so.6.0.30
7ffff6e29000-7ffff6e2c000 rw-p 00000000 00:00 0 
7ffff6e2d000-7ffff6e2f000 r--p 00000000 103:06 4886782                   /usr/lib/x86_64-linux-gnu/libbz2.so.1.0.4
7ffff6e2f000-7ffff6e3c000 r-xp 00002000 103:06 4886782                   /usr/lib/x86_64-linux-gnu/libbz2.so.1.0.4
7ffff6e3c000-7ffff6e3e000 r--p 0000f000 103:06 4886782                   /usr/lib/x86_64-linux-gnu/libbz2.so.1.0.4
7ffff6e3e000-7ffff6e3f000 r--p 00010000 103:06 4886782                   /usr/lib/x86_64-linux-gnu/libbz2.so.1.0.4
7ffff6e3f000-7ffff6e40000 rw-p 00011000 103:06 4886782                   /usr/lib/x86_64-linux-gnu/libbz2.so.1.0.4
7ffff6e40000-7ffff6f40000 rw-p 00000000 00:00 0 
7ffff6f40000-7ffff6f7b000 r--p 00000000 103:08 26345591                  /media/ssd-partition/.local/lib/python3.10/site-packages/_jpype.cpython-310-x86_64-linux-gnu.so
7ffff6f7b000-7ffff6fcf000 r-xp 0003b000 103:08 26345591                  /media/ssd-partition/.local/lib/python3.10/site-packages/_jpype.cpython-310-x86_64-linux-gnu.so
7ffff6fcf000-7ffff6ff7000 r--p 0008f000 103:08 26345591                  /media/ssd-partition/.local/lib/python3.10/site-packages/_jpype.cpython-310-x86_64-linux-gnu.so
7ffff6ff7000-7ffff6ff8000 ---p 000b7000 103:08 26345591                  /media/ssd-partition/.local/lib/python3.10/site-packages/_jpype.cpython-310-x86_64-linux-gnu.so
7ffff6ff8000-7ffff6ffc000 r--p 000b7000 103:08 26345591                  /media/ssd-partition/.local/lib/python3.10/site-packages/_jpype.cpython-310-x86_64-linux-gnu.so
7ffff6ffc000-7ffff7000000 rw-p 000bb000 103:08 26345591                  /media/ssd-partition/.local/lib/python3.10/site-packages/_jpype.cpython-310-x86_64-linux-gnu.so
7ffff7000000-7ffff7200000 rw-p 00000000 00:00 0 
7ffff7200000-7ffff7a42000 r--p 00000000 103:06 4867152                   /usr/lib/locale/locale-archive
7ffff7a42000-7ffff7a43000 r--p 00000000 103:06 4886486                   /usr/lib/x86_64-linux-gnu/libXau.so.6.0.0
7ffff7a43000-7ffff7a45000 r-xp 00001000 103:06 4886486                   /usr/lib/x86_64-linux-gnu/libXau.so.6.0.0
7ffff7a45000-7ffff7a46000 r--p 00003000 103:06 4886486                   /usr/lib/x86_64-linux-gnu/libXau.so.6.0.0
7ffff7a46000-7ffff7a47000 r--p 00003000 103:06 4886486                   /usr/lib/x86_64-linux-gnu/libXau.so.6.0.0
7ffff7a47000-7ffff7a48000 rw-p 00004000 103:06 4886486                   /usr/lib/x86_64-linux-gnu/libXau.so.6.0.0
7ffff7a48000-7ffff7a49000 ---p 00000000 00:00 0 
7ffff7a49000-7ffff7a4a000 r--p 00000000 00:00 0 
7ffff7a4a000-7ffff7a4c000 r--p 00000000 103:06 5124482                   /usr/lib/jvm/java-21-openjdk-amd64/lib/libjimage.so
7ffff7a4c000-7ffff7a4f000 r-xp 00002000 103:06 5124482                   /usr/lib/jvm/java-21-openjdk-amd64/lib/libjimage.so
7ffff7a4f000-7ffff7a50000 r--p 00005000 103:06 5124482                   /usr/lib/jvm/java-21-openjdk-amd64/lib/libjimage.so
7ffff7a50000-7ffff7a51000 ---p 00006000 103:06 5124482                   /usr/lib/jvm/java-21-openjdk-amd64/lib/libjimage.so
7ffff7a51000-7ffff7a52000 r--p 00006000 103:06 5124482                   /usr/lib/jvm/java-21-openjdk-amd64/lib/libjimage.so
7ffff7a52000-7ffff7a53000 rw-p 00007000 103:06 5124482                   /usr/lib/jvm/java-21-openjdk-amd64/lib/libjimage.so
7ffff7a53000-7ffff7a56000 r--p 00000000 103:06 4882956                   /usr/lib/python3.10/lib-dynload/_lzma.cpython-310-x86_64-linux-gnu.so
7ffff7a56000-7ffff7a5a000 r-xp 00003000 103:06 4882956                   /usr/lib/python3.10/lib-dynload/_lzma.cpython-310-x86_64-linux-gnu.so
7ffff7a5a000-7ffff7a5d000 r--p 00007000 103:06 4882956                   /usr/lib/python3.10/lib-dynload/_lzma.cpython-310-x86_64-linux-gnu.so
7ffff7a5d000-7ffff7a5e000 r--p 00009000 103:06 4882956                   /usr/lib/python3.10/lib-dynload/_lzma.cpython-310-x86_64-linux-gnu.so
7ffff7a5e000-7ffff7a5f000 rw-p 0000a000 103:06 4882956                   /usr/lib/python3.10/lib-dynload/_lzma.cpython-310-x86_64-linux-gnu.so
7ffff7a5f000-7ffff7a65000 r--p 00000000 103:06 4882948                   /usr/lib/python3.10/lib-dynload/_ctypes.cpython-310-x86_64-linux-gnu.so
7ffff7a65000-7ffff7a75000 r-xp 00006000 103:06 4882948                   /usr/lib/python3.10/lib-dynload/_ctypes.cpython-310-x86_64-linux-gnu.so
7ffff7a75000-7ffff7a7b000 r--p 00016000 103:06 4882948                   /usr/lib/python3.10/lib-dynload/_ctypes.cpython-310-x86_64-linux-gnu.so
7ffff7a7b000-7ffff7a7c000 r--p 0001b000 103:06 4882948                   /usr/lib/python3.10/lib-dynload/_ctypes.cpython-310-x86_64-linux-gnu.so
7ffff7a7c000-7ffff7a80000 rw-p 0001c000 103:06 4882948                   /usr/lib/python3.10/lib-dynload/_ctypes.cpython-310-x86_64-linux-gnu.so
7ffff7a80000-7ffff7a83000 r--p 00000000 103:06 4887082                   /usr/lib/x86_64-linux-gnu/libgcc_s.so.1
7ffff7a83000-7ffff7a9a000 r-xp 00003000 103:06 4887082                   /usr/lib/x86_64-linux-gnu/libgcc_s.so.1
7ffff7a9a000-7ffff7a9e000 r--p 0001a000 103:06 4887082                   /usr/lib/x86_64-linux-gnu/libgcc_s.so.1
7ffff7a9e000-7ffff7a9f000 r--p 0001d000 103:06 4887082                   /usr/lib/x86_64-linux-gnu/libgcc_s.so.1
7ffff7a9f000-7ffff7aa0000 rw-p 0001e000 103:06 4887082                   /usr/lib/x86_64-linux-gnu/libgcc_s.so.1
7ffff7aa0000-7ffff7aa1000 r--p 00000000 103:06 4888973                   /usr/lib/python3.10/lib-dynload/_opcode.cpython-310-x86_64-linux-gnu.so
7ffff7aa1000-7ffff7aa2000 r-xp 00001000 103:06 4888973                   /usr/lib/python3.10/lib-dynload/_opcode.cpython-310-x86_64-linux-gnu.so
7ffff7aa2000-7ffff7aa3000 r--p 00002000 103:06 4888973                   /usr/lib/python3.10/lib-dynload/_opcode.cpython-310-x86_64-linux-gnu.so
7ffff7aa3000-7ffff7aa4000 r--p 00002000 103:06 4888973                   /usr/lib/python3.10/lib-dynload/_opcode.cpython-310-x86_64-linux-gnu.so
7ffff7aa4000-7ffff7aa5000 rw-p 00003000 103:06 4888973                   /usr/lib/python3.10/lib-dynload/_opcode.cpython-310-x86_64-linux-gnu.so
7ffff7aa5000-7ffff7aa7000 r--p 00000000 103:06 4887019                   /usr/lib/x86_64-linux-gnu/libffi.so.8.1.0
7ffff7aa7000-7ffff7aae000 r-xp 00002000 103:06 4887019                   /usr/lib/x86_64-linux-gnu/libffi.so.8.1.0
7ffff7aae000-7ffff7aaf000 r--p 00009000 103:06 4887019                   /usr/lib/x86_64-linux-gnu/libffi.so.8.1.0
7ffff7aaf000-7ffff7ab0000 ---p 0000a000 103:06 4887019                   /usr/lib/x86_64-linux-gnu/libffi.so.8.1.0
7ffff7ab0000-7ffff7ab1000 r--p 0000a000 103:06 4887019                   /usr/lib/x86_64-linux-gnu/libffi.so.8.1.0
7ffff7ab1000-7ffff7ab2000 rw-p 0000b000 103:06 4887019                   /usr/lib/x86_64-linux-gnu/libffi.so.8.1.0
7ffff7ab2000-7ffff7aba000 r--p 00000000 103:06 4882953                   /usr/lib/python3.10/lib-dynload/_decimal.cpython-310-x86_64-linux-gnu.so
7ffff7aba000-7ffff7acf000 r-xp 00008000 103:06 4882953                   /usr/lib/python3.10/lib-dynload/_decimal.cpython-310-x86_64-linux-gnu.so
7ffff7acf000-7ffff7adb000 r--p 0001d000 103:06 4882953                   /usr/lib/python3.10/lib-dynload/_decimal.cpython-310-x86_64-linux-gnu.so
7ffff7adb000-7ffff7adc000 r--p 00028000 103:06 4882953                   /usr/lib/python3.10/lib-dynload/_decimal.cpython-310-x86_64-linux-gnu.so
7ffff7adc000-7ffff7adf000 rw-p 00029000 103:06 4882953                   /usr/lib/python3.10/lib-dynload/_decimal.cpython-310-x86_64-linux-gnu.so
7ffff7adf000-7ffff7c00000 rw-p 00000000 00:00 0 
7ffff7c00000-7ffff7c28000 r--p 00000000 103:06 4861307                   /usr/lib/x86_64-linux-gnu/libc.so.6
7ffff7c28000-7ffff7dbd000 r-xp 00028000 103:06 4861307                   /usr/lib/x86_64-linux-gnu/libc.so.6
7ffff7dbd000-7ffff7e15000 r--p 001bd000 103:06 4861307                   /usr/lib/x86_64-linux-gnu/libc.so.6
7ffff7e15000-7ffff7e16000 ---p 00215000 103:06 4861307                   /usr/lib/x86_64-linux-gnu/libc.so.6
7ffff7e16000-7ffff7e1a000 r--p 00215000 103:06 4861307                   /usr/lib/x86_64-linux-gnu/libc.so.6
7ffff7e1a000-7ffff7e1c000 rw-p 00219000 103:06 4861307                   /usr/lib/x86_64-linux-gnu/libc.so.6
7ffff7e1c000-7ffff7e29000 rw-p 00000000 00:00 0 
7ffff7e29000-7ffff7e2a000 r--p 00000000 00:00 0 
7ffff7e2a000-7ffff7e6d000 rw-p 00000000 00:00 0 
7ffff7e6d000-7ffff7e6f000 r--p 00000000 103:06 4888141                   /usr/lib/x86_64-linux-gnu/libz.so.1.2.11
7ffff7e6f000-7ffff7e80000 r-xp 00002000 103:06 4888141                   /usr/lib/x86_64-linux-gnu/libz.so.1.2.11
7ffff7e80000-7ffff7e86000 r--p 00013000 103:06 4888141                   /usr/lib/x86_64-linux-gnu/libz.so.1.2.11
7ffff7e86000-7ffff7e87000 ---p 00019000 103:06 4888141                   /usr/lib/x86_64-linux-gnu/libz.so.1.2.11
7ffff7e87000-7ffff7e88000 r--p 00019000 103:06 4888141                   /usr/lib/x86_64-linux-gnu/libz.so.1.2.11
7ffff7e88000-7ffff7e89000 rw-p 0001a000 103:06 4888141                   /usr/lib/x86_64-linux-gnu/libz.so.1.2.11
7ffff7e89000-7ffff7e8d000 r--p 00000000 103:06 4867290                   /usr/lib/x86_64-linux-gnu/libexpat.so.1.8.7
7ffff7e8d000-7ffff7eac000 r-xp 00004000 103:06 4867290                   /usr/lib/x86_64-linux-gnu/libexpat.so.1.8.7
7ffff7eac000-7ffff7eb6000 r--p 00023000 103:06 4867290                   /usr/lib/x86_64-linux-gnu/libexpat.so.1.8.7
7ffff7eb6000-7ffff7eb7000 ---p 0002d000 103:06 4867290                   /usr/lib/x86_64-linux-gnu/libexpat.so.1.8.7
7ffff7eb7000-7ffff7eb9000 r--p 0002d000 103:06 4867290                   /usr/lib/x86_64-linux-gnu/libexpat.so.1.8.7
7ffff7eb9000-7ffff7eba000 rw-p 0002f000 103:06 4867290                   /usr/lib/x86_64-linux-gnu/libexpat.so.1.8.7
7ffff7eba000-7ffff7ec8000 r--p 00000000 103:06 4861330                   /usr/lib/x86_64-linux-gnu/libm.so.6
7ffff7ec8000-7ffff7f44000 r-xp 0000e000 103:06 4861330                   /usr/lib/x86_64-linux-gnu/libm.so.6
7ffff7f44000-7ffff7f9f000 r--p 0008a000 103:06 4861330                   /usr/lib/x86_64-linux-gnu/libm.so.6
7ffff7f9f000-7ffff7fa0000 r--p 000e4000 103:06 4861330                   /usr/lib/x86_64-linux-gnu/libm.so.6
7ffff7fa0000-7ffff7fa1000 rw-p 000e5000 103:06 4861330                   /usr/lib/x86_64-linux-gnu/libm.so.6
7ffff7fa1000-7ffff7fa3000 r--p 00000000 103:06 4882939                   /usr/lib/python3.10/lib-dynload/_bz2.cpython-310-x86_64-linux-gnu.so
7ffff7fa3000-7ffff7fa6000 r-xp 00002000 103:06 4882939                   /usr/lib/python3.10/lib-dynload/_bz2.cpython-310-x86_64-linux-gnu.so
7ffff7fa6000-7ffff7fa8000 r--p 00005000 103:06 4882939                   /usr/lib/python3.10/lib-dynload/_bz2.cpython-310-x86_64-linux-gnu.so
7ffff7fa8000-7ffff7fa9000 r--p 00006000 103:06 4882939                   /usr/lib/python3.10/lib-dynload/_bz2.cpython-310-x86_64-linux-gnu.so
7ffff7fa9000-7ffff7faa000 rw-p 00007000 103:06 4882939                   /usr/lib/python3.10/lib-dynload/_bz2.cpython-310-x86_64-linux-gnu.so
7ffff7faa000-7ffff7fab000 r--p 00000000 103:06 4861361                   /usr/lib/x86_64-linux-gnu/libpthread.so.0
7ffff7fab000-7ffff7fac000 r-xp 00001000 103:06 4861361                   /usr/lib/x86_64-linux-gnu/libpthread.so.0
7ffff7fac000-7ffff7fad000 r--p 00002000 103:06 4861361                   /usr/lib/x86_64-linux-gnu/libpthread.so.0
7ffff7fad000-7ffff7fae000 r--p 00002000 103:06 4861361                   /usr/lib/x86_64-linux-gnu/libpthread.so.0
7ffff7fae000-7ffff7faf000 rw-p 00003000 103:06 4861361                   /usr/lib/x86_64-linux-gnu/libpthread.so.0
7ffff7faf000-7ffff7fb0000 r--p 00000000 103:06 4861326                   /usr/lib/x86_64-linux-gnu/libdl.so.2
7ffff7fb0000-7ffff7fb1000 r-xp 00001000 103:06 4861326                   /usr/lib/x86_64-linux-gnu/libdl.so.2
7ffff7fb1000-7ffff7fb2000 r--p 00002000 103:06 4861326                   /usr/lib/x86_64-linux-gnu/libdl.so.2
7ffff7fb2000-7ffff7fb3000 r--p 00002000 103:06 4861326                   /usr/lib/x86_64-linux-gnu/libdl.so.2
7ffff7fb3000-7ffff7fb4000 rw-p 00003000 103:06 4861326                   /usr/lib/x86_64-linux-gnu/libdl.so.2
7ffff7fb4000-7ffff7fbb000 r--s 00000000 103:06 4921171                   /usr/lib/x86_64-linux-gnu/gconv/gconv-modules.cache
7ffff7fbb000-7ffff7fbd000 rw-p 00000000 00:00 0 
7ffff7fbd000-7ffff7fc1000 r--p 00000000 00:00 0                          [vvar]
7ffff7fc1000-7ffff7fc3000 r-xp 00000000 00:00 0                          [vdso]
7ffff7fc3000-7ffff7fc5000 r--p 00000000 103:06 4861280                   /usr/lib/x86_64-linux-gnu/ld-linux-x86-64.so.2
7ffff7fc5000-7ffff7fef000 r-xp 00002000 103:06 4861280                   /usr/lib/x86_64-linux-gnu/ld-linux-x86-64.so.2
7ffff7fef000-7ffff7ffa000 r--p 0002c000 103:06 4861280                   /usr/lib/x86_64-linux-gnu/ld-linux-x86-64.so.2
7ffff7ffa000-7ffff7ffb000 ---p 00000000 00:00 0 
7ffff7ffb000-7ffff7ffd000 r--p 00037000 103:06 4861280                   /usr/lib/x86_64-linux-gnu/ld-linux-x86-64.so.2
7ffff7ffd000-7ffff7fff000 rw-p 00039000 103:06 4861280                   /usr/lib/x86_64-linux-gnu/ld-linux-x86-64.so.2
7fffffeff000-7ffffff03000 ---p 00000000 00:00 0 
7ffffff03000-7ffffffff000 rw-p 00000000 00:00 0                          [stack]
ffffffffff600000-ffffffffff601000 --xp 00000000 00:00 0                  [vsyscall]
Total number of mappings: 441


VM Arguments:
jvm_args: -Djava.system.class.loader=ghidra.GhidraClassLoader -Dfile.encoding=UTF8 -Duser.country=US -Duser.language=en -Duser.variant= -Dsun.java2d.opengl=false -Dsun.java2d.pmoffscreen=false -Dsun.java2d.xrender=true -Dsun.java2d.uiScale=1 -Dawt.useSystemAAFontSettings=on -Djdk.tls.client.protocols=TLSv1.2,TLSv1.3 -Dcpu.core.limit= -Dcpu.core.override= -Dfont.size.override= -Dpython.console.encoding=UTF-8 -Xshare:off 
java_command: <unknown>
java_class_path (initial): /home/tenebris/Disk/Tools/ghidra_11.1.2_PUBLIC/Ghidra/Framework/Utility/lib/Utility.jar
Launcher Type: generic

[Global flags]
     intx CICompilerCount                          = 12                                        {product} {ergonomic}
     uint ConcGCThreads                            = 4                                         {product} {ergonomic}
     uint G1ConcRefinementThreads                  = 15                                        {product} {ergonomic}
   size_t G1HeapRegionSize                         = 4194304                                   {product} {ergonomic}
    uintx GCDrainStackTargetSize                   = 64                                        {product} {ergonomic}
   size_t InitialHeapSize                          = 390070272                                 {product} {ergonomic}
   size_t MarkStackSize                            = 4194304                                   {product} {ergonomic}
   size_t MaxHeapSize                              = 6203375616                                {product} {ergonomic}
   size_t MaxNewSize                               = 3720347648                                {product} {ergonomic}
   size_t MinHeapDeltaBytes                        = 4194304                                   {product} {ergonomic}
   size_t MinHeapSize                              = 8388608                                   {product} {ergonomic}
    uintx NonNMethodCodeHeapSize                   = 7602480                                {pd product} {ergonomic}
    uintx NonProfiledCodeHeapSize                  = 122027880                              {pd product} {ergonomic}
    uintx ProfiledCodeHeapSize                     = 122027880                              {pd product} {ergonomic}
    uintx ReservedCodeCacheSize                    = 251658240                              {pd product} {ergonomic}
     bool SegmentedCodeCache                       = true                                      {product} {ergonomic}
   size_t SoftMaxHeapSize                          = 6203375616                             {manageable} {ergonomic}
     bool UseCompressedOops                        = true                           {product lp64_product} {ergonomic}
     bool UseG1GC                                  = true                                      {product} {ergonomic}

Logging:
Log output configuration:
 #0: stdout all=warning uptime,level,tags foldmultilines=false
 #1: stderr all=off uptime,level,tags foldmultilines=false

Environment Variables:
JAVA_HOME=/usr/lib/jvm/java-21-openjdk-amd64
PATH=/home/tenebris/.cargo/bin:/home/tenebris/.local/bin:/usr/local/sbin:/usr/local/bin:/usr/sbin:/usr/bin:/sbin:/bin:/usr/games:/usr/local/games:/snap/bin:/snap/bin:/usr/local/go/bin:/home/tenebris/.local/share/JetBrains/Toolbox/scripts:/home/tenebris/.fzf/bin:/opt/gradle/gradle-8.9/bin:/home/tenebris/.fzf/bin:/usr/local/lib/node_modules/node/bin:/home/tenebris/.spicetify:/opt/gradle/gradle-8.9/bin:/home/tenebris/.fzf/bin:/usr/local/lib/node_modules/node/bin:/home/tenebris/.spicetify
USERNAME=tenebris
SHELL=/usr/bin/zsh
DISPLAY=:0
LANG=en_US.UTF-8
LC_NUMERIC=en_GB.UTF-8
LC_TIME=en_GB.UTF-8
TERM=tmux-256color

Active Locale:
LC_ALL=LC_CTYPE=en_US.UTF-8;LC_NUMERIC=C;LC_TIME=C;LC_COLLATE=C;LC_MONETARY=C;LC_MESSAGES=C;LC_PAPER=en_GB.UTF-8;LC_NAME=en_GB.UTF-8;LC_ADDRESS=en_GB.UTF-8;LC_TELEPHONE=en_GB.UTF-8;LC_MEASUREMENT=en_GB.UTF-8;LC_IDENTIFICATION=en_GB.UTF-8
LC_COLLATE=C
LC_CTYPE=en_US.UTF-8
LC_MESSAGES=C
LC_MONETARY=C
LC_NUMERIC=C
LC_TIME=C

Signal Handlers:
   SIGSEGV: crash_handler in libjvm.so, mask=11100100010111111101111111111110, flags=SA_RESTART|SA_SIGINFO, unblocked
    SIGBUS: crash_handler in libjvm.so, mask=11100100010111111101111111111110, flags=SA_RESTART|SA_SIGINFO, unblocked
    SIGFPE: crash_handler in libjvm.so, mask=11100100010111111101111111111110, flags=SA_RESTART|SA_SIGINFO, unblocked
   SIGPIPE: javaSignalHandler in libjvm.so, mask=11100100010111111101111111111110, flags=SA_RESTART|SA_SIGINFO, blocked
   SIGXFSZ: javaSignalHandler in libjvm.so, mask=11100100010111111101111111111110, flags=SA_RESTART|SA_SIGINFO, blocked
    SIGILL: crash_handler in libjvm.so, mask=11100100010111111101111111111110, flags=SA_RESTART|SA_SIGINFO, unblocked
   SIGUSR2: SR_handler in libjvm.so, mask=00000000000000000000000000000000, flags=SA_RESTART|SA_SIGINFO, blocked
    SIGHUP: UserHandler in libjvm.so, mask=11100100010111111101111111111110, flags=SA_RESTART|SA_SIGINFO, blocked
    SIGINT: UserHandler in libjvm.so, mask=11100100010111111101111111111110, flags=SA_RESTART|SA_SIGINFO, blocked
   SIGTERM: UserHandler in libjvm.so, mask=11100100010111111101111111111110, flags=SA_RESTART|SA_SIGINFO, blocked
   SIGQUIT: UserHandler in libjvm.so, mask=11100100010111111101111111111110, flags=SA_RESTART|SA_SIGINFO, blocked
   SIGTRAP: crash_handler in libjvm.so, mask=11100100010111111101111111111110, flags=SA_RESTART|SA_SIGINFO, unblocked


Periodic native trim disabled

---------------  S Y S T E M  ---------------

OS:
DISTRIB_ID=Ubuntu
DISTRIB_RELEASE=22.04
DISTRIB_CODENAME=jammy
DISTRIB_DESCRIPTION="Ubuntu 22.04.5 LTS"
uname: Linux 6.8.0-45-generic #45~22.04.1-Ubuntu SMP PREEMPT_DYNAMIC Wed Sep 11 15:25:05 UTC 2 x86_64
OS uptime: 0 days 13:55 hours
libc: glibc 2.35 NPTL 2.35 
rlimit (soft/hard): STACK 8192k/infinity , CORE 0k/infinity , NPROC 94299/94299 , NOFILE 1048576/1048576 , AS infinity/infinity , CPU infinity/infinity , DATA infinity/infinity , FSIZE infinity/infinity , MEMLOCK 3027320k/3027320k
load average: 0.82 1.21 3.99

/proc/meminfo:
MemTotal:       24218560 kB
MemFree:        10922488 kB
MemAvailable:   16683516 kB
Buffers:          976728 kB
Cached:          4113312 kB
SwapCached:        38088 kB
Active:          6068184 kB
Inactive:        3114464 kB
Active(anon):    4778624 kB
Inactive(anon):   352716 kB
Active(file):    1289560 kB
Inactive(file):  2761748 kB
Unevictable:      610516 kB
Mlocked:             128 kB
SwapTotal:       2097148 kB
SwapFree:        1305596 kB
Zswap:                 0 kB
Zswapped:              0 kB
Dirty:              6108 kB
Writeback:             0 kB
AnonPages:       4676020 kB
Mapped:           976584 kB
Shmem:           1038636 kB
KReclaimable:    2115804 kB
Slab:            2985188 kB
SReclaimable:    2115804 kB
SUnreclaim:       869384 kB
KernelStack:       28944 kB
PageTables:        69512 kB
SecPageTables:         0 kB
NFS_Unstable:          0 kB
Bounce:                0 kB
WritebackTmp:          0 kB
CommitLimit:    14206428 kB
Committed_AS:   17740052 kB
VmallocTotal:   34359738367 kB
VmallocUsed:      144176 kB
VmallocChunk:          0 kB
Percpu:            25280 kB
HardwareCorrupted:     0 kB
AnonHugePages:         0 kB
ShmemHugePages:   555008 kB
ShmemPmdMapped:        0 kB
FileHugePages:         0 kB
FilePmdMapped:         0 kB
Unaccepted:            0 kB
HugePages_Total:       0
HugePages_Free:        0
HugePages_Rsvd:        0
HugePages_Surp:        0
Hugepagesize:       2048 kB
Hugetlb:               0 kB
DirectMap4k:     1285044 kB
DirectMap2M:    19298304 kB
DirectMap1G:     4194304 kB

/sys/kernel/mm/transparent_hugepage/enabled: always [madvise] never
/sys/kernel/mm/transparent_hugepage/hpage_pmd_size: 2097152
/sys/kernel/mm/transparent_hugepage/defrag (defrag/compaction efforts parameter): always defer defer+madvise [madvise] never

Process Memory:
Virtual Size: 10086408K (peak: 10146980K)
Resident Set Size: 235456K (peak: 235456K) (anon: 206816K, file: 28640K, shmem: 0K)
Swapped out: 0K
C-Heap outstanding allocations: 130755K, retained: 23032K
glibc malloc tunables: (default)

/proc/sys/kernel/threads-max (system-wide limit on the number of threads): 188599
/proc/sys/vm/max_map_count (maximum number of memory map areas a process may have): 65530
/proc/sys/vm/swappiness (control to define how aggressively the kernel swaps out anonymous memory): 60
/proc/sys/kernel/pid_max (system-wide limit on number of process identifiers): 4194304

container (cgroup) information:
container_type: cgroupv2
cpu_cpuset_cpus: not supported
cpu_memory_nodes: not supported
active_processor_count: 20
cpu_quota: not supported
cpu_period: not supported
cpu_shares: not supported
memory_limit_in_bytes: unlimited
memory_and_swap_limit_in_bytes: unlimited
memory_soft_limit_in_bytes: unlimited
memory_usage_in_bytes: 628868 k
memory_max_usage_in_bytes: not supported
memory_swap_current_in_bytes: unlimited
memory_swap_max_limit_in_bytes: unlimited
maximum number of tasks: 28289
current number of tasks: 75

Steal ticks since vm start: 0
Steal ticks percentage since vm start:  0.000

CPU: total 20 (initial active 20) (10 cores per cpu, 2 threads per core) family 6 model 154 stepping 3 microcode 0x434, cx8, cmov, fxsr, ht, mmx, 3dnowpref, sse, sse2, sse3, ssse3, sse4.1, sse4.2, popcnt, lzcnt, tsc, tscinvbit, avx, avx2, aes, erms, clmul, bmi1, bmi2, adx, sha, fma, vzeroupper, clflush, clflushopt, clwb, serialize, rdtscp, rdpid, fsrm, f16c, pku, ospke, cet_ibt, cet_ss
CPU Model and flags from /proc/cpuinfo:
model name	: 12th Gen Intel(R) Core(TM) i7-12700H
flags		: fpu vme de pse tsc msr pae mce cx8 apic sep mtrr pge mca cmov pat pse36 clflush dts acpi mmx fxsr sse sse2 ss ht tm pbe syscall nx pdpe1gb rdtscp lm constant_tsc art arch_perfmon pebs bts rep_good nopl xtopology nonstop_tsc cpuid aperfmperf tsc_known_freq pni pclmulqdq dtes64 monitor ds_cpl vmx smx est tm2 ssse3 sdbg fma cx16 xtpr pdcm pcid sse4_1 sse4_2 x2apic movbe popcnt tsc_deadline_timer aes xsave avx f16c rdrand lahf_lm abm 3dnowprefetch cpuid_fault epb ssbd ibrs ibpb stibp ibrs_enhanced tpr_shadow flexpriority ept vpid ept_ad fsgsbase tsc_adjust bmi1 avx2 smep bmi2 erms invpcid rdseed adx smap clflushopt clwb intel_pt sha_ni xsaveopt xsavec xgetbv1 xsaves split_lock_detect user_shstk avx_vnni dtherm ida arat pln pts hwp hwp_notify hwp_act_window hwp_epp hwp_pkg_req hfi vnmi umip pku ospke waitpkg gfni vaes vpclmulqdq rdpid movdiri movdir64b fsrm md_clear serialize arch_lbr ibt flush_l1d arch_capabilities

Online cpus: 0-19
Offline cpus: 
BIOS frequency limitation: <Not Available>
Frequency switch latency (ns): 0
Available cpu frequencies: <Not Available>
Current governor: performance
Core performance/turbo boost: <Not Available>

Memory: 4k page, physical 24218560k(16683516k free), swap 2097148k(1305596k free)
Page Sizes: 4k

vm_info: OpenJDK 64-Bit Server VM (21.0.4+7-Ubuntu-1ubuntu222.04) for linux-amd64 JRE (21.0.4+7-Ubuntu-1ubuntu222.04), built on 2024-07-23T01:35:25Z by "buildd" with gcc 12.3.0

END.
