864 / 3222
1509 / 5508
1563 / 5905
1455 / 5287
1752 / 6313
1304 / 4709
2443 / 8988
2522 / 9035
2576 / 9127
2672 / 9708
1411 / 5128
2657 / 9835
2945 / 10616
2627 / 9254
2787 / 10064
2751 / 9767
2724 / 9678
2773 / 9983
3116 / 11191
2794 / 10153
1472 / 5346
819 / 3053
1275 / 4633
1450 / 5263
1416 / 5092
2137 / 7859
2621 / 9369
1280 / 4626
1378 / 4986
1476 / 5355
1718 / 6223
1406 / 5104
2726 / 9908
777 / 2893
2803 / 10188
1763 / 6455
2976 / 10686
3140 / 11303
3148 / 11344
3090 / 11191
1820 / 6676
2981 / 10840
1651 / 6040
1460 / 5307
1456 / 5271
1443 / 5156
2084 / 7705
1572 / 5723
2722 / 9776
821 / 3093
2440 / 8984
2610 / 9272
2846 / 10284
2553 / 9078
3449 / 12476
1312 / 4760
3573 / 13044
2684 / 9610
1492 / 5432
1458 / 5312
1641 / 5991
1761 / 6453
1267 / 4562
2660 / 9746
2947 / 10748
1454 / 5283
2700 / 9744
2224 / 8179
2791 / 10107
1069 / 3988
3560 / 12851
1700 / 6458
814 / 3065
2421 / 8988
786 / 2915
3043 / 11098
1592 / 5837
3030 / 10990
2646 / 9521
1402 / 5003
1757 / 6441
870 / 3256
2424 / 8659
689 / 2613
2371 / 8787
3386 / 12288
2464 / 9072
2706 / 9781
2046 / 7539
2833 / 10199
2946 / 10607
3233 / 11669
2677 / 9687
3134 / 11386
3024 / 10771
3582 / 13087
1365 / 4930
1432 / 5172
785 / 2936
2168 / 7842
2073 / 7748
3241 / 11624
3172 / 11571
2513 / 9261
2945 / 10574
1425 / 5195
805 / 3030
1191 / 4447
2092 / 7693
2893 / 10504
1712 / 6423
1301 / 4640
1633 / 5935
794 / 2954
2460 / 8767
2835 / 10219
3333 / 11981
2711 / 9722
2171 / 7861
1433 / 5200
1533 / 5592
3542 / 12927
3431 / 12410
1748 / 6408
612 / 2269
1630 / 6237
3186 / 11659
1012 / 3787
2570 / 9129
1725 / 6345
1744 / 6587
758 / 2838
3215 / 11898
1373 / 4946
3187 / 11599
2865 / 10255
3309 / 11945
3684 / 13406
1299 / 4682
2174 / 8013
2332 / 8589
3511 / 12732
2443 / 8883
1291 / 4696
1704 / 6162
3010 / 10887
2702 / 9654
3202 / 11611
969 / 3634
707 / 2678
1339 / 4866
1747 / 6412
2606 / 9416
1321 / 4800
2958 / 10753
2706 / 9889
849 / 3179
1029 / 3792
2821 / 10151
2722 / 9922
1307 / 4759
1673 / 6045
2774 / 10120
703 / 2666
782 / 2946
1239 / 4414
662 / 2513
976 / 3645
2532 / 9109
2063 / 7705
2773 / 9947
2794 / 10134
2470 / 9020
2541 / 8974
3234 / 11582
2415 / 8593
2843 / 10250
2687 / 9611
1448 / 5254
3705 / 13499
2961 / 10688
1571 / 6025
2683 / 9746
1194 / 4269
2693 / 9629
2666 / 9695
2532 / 9011
1632 / 6217
1665 / 6069
770 / 2868
1434 / 5187
1483 / 5411
3332 / 12184
1412 / 5128
2553 / 9329
2654 / 9309
2038 / 7630
3032 / 10833
1179 / 4266
1583 / 5691
662 / 2513
1712 / 6217
1265 / 4768
710 / 2690
2994 / 10839
2900 / 10410
1669 / 6275
2994 / 10867
713 / 2696
2949 / 10611
1427 / 5185
1658 / 6044
2720 / 9892
3093 / 11044
2543 / 9070
2236 / 8046
1640 / 5996
2713 / 9868
2349 / 8511
2175 / 7933
2780 / 10022
2804 / 10073
1474 / 5343
1526 / 5556
1279 / 4802
3550 / 12864
3067 / 11040
1177 / 4390
2840 / 10175
2726 / 9932
1961 / 7293
1631 / 5950
1627 / 5950
703 / 2660
1299 / 4739
973 / 3684
3070 / 11116
2074 / 7678
1391 / 5078
3384 / 12317
1894 / 6964
1034 / 3845
2396 / 8738
3083 / 11195
2531 / 9047
1713 / 6256
2074 / 7678
2592 / 9427
1309 / 4753
2986 / 10829
1492 / 5432
3038 / 10890
2428 / 8897
1456 / 5264
3306 / 11936
1455 / 5275
2813 / 10067
2191 / 8068
707 / 2677
1175 / 4221
1352 / 4875
2170 / 7854
1710 / 6381
1507 / 5477
1711 / 6421
2227 / 8022
1465 / 5307
2723 / 9887
1292 / 4711
818 / 3075
1179 / 4402
2963 / 10635
1651 / 6031
2388 / 8725
2514 / 9012
669 / 2537
3230 / 11718
1373 / 4954
2796 / 10020
1488 / 5418
3316 / 11890
3372 / 12355
1759 / 6459
1628 / 5955
1525 / 5556
3239 / 11729
1048 / 3916
2664 / 9775
847 / 3173
3097 / 11152
2790 / 10306
1669 / 6339
3255 / 11765
2828 / 10107
3671 / 13381
2827 / 10163
1522 / 5533
693 / 2621
2591 / 9248
1447 / 5210
1328 / 4792
2749 / 9781
1519 / 5507
1251 / 4459
1633 / 5936
2140 / 7870
1181 / 4275
595 / 2205
2532 / 9046
2925 / 10449
662 / 2513
3470 / 12603
1276 / 4610
2842 / 10167
3095 / 11171
2691 / 9814
3374 / 12142
686 / 2597
1594 / 5827
1258 / 4751
782 / 2920
1737 / 6560
2841 / 10244
1676 / 6284
1302 / 4673
1430 / 5199
2514 / 9068
2273 / 8092
1302 / 4701
2541 / 9027
2596 / 9273
1604 / 5856
808 / 2986
1199 / 4333
782 / 2909
3415 / 12373
2773 / 9977
2691 / 9778
3099 / 11181
3059 / 11104
3339 / 12007
1300 / 4684
2327 / 8471
1434 / 5226
1429 / 5196
1304 / 4711
1607 / 5846
2439 / 8844
2667 / 9814
2030 / 7419
2351 / 8517
2410 / 8594
1453 / 5302
3177 / 11514
2907 / 10354
693 / 2621
1285 / 4820
1183 / 4275
2107 / 7768
1369 / 4934
1676 / 6084
1920 / 7031
1188 / 4423
2390 / 8674
2900 / 10416
1626 / 5946
3334 / 11969
662 / 2513
1506 / 5495
2864 / 10300
2660 / 9579
1635 / 5969
2339 / 8601
1362 / 4908
836 / 3141
2904 / 10573
1713 / 6294
626 / 2311
1438 / 5209
1255 / 4482
1413 / 5137
2860 / 10339
1477 / 5357
1542 / 5625
1478 / 5361
1334 / 4839
1727 / 6268
1452 / 5293
3203 / 11607
1405 / 5134
3300 / 11865
2569 / 9140
789 / 2923
679 / 2579
3091 / 11185
2756 / 9790
2604 / 9195
2783 / 10171
2907 / 10377
1634 / 5973
3050 / 11134
1674 / 6338
3096 / 11157
2876 / 10370
2901 / 10406
2696 / 9676
1390 / 5009
2553 / 9058
669 / 2536
1357 / 4930
1180 / 4224
2514 / 9057
1368 / 4922
2677 / 9592
1294 / 4716
2985 / 10875
612 / 2269
669 / 2537
2552 / 9164
2535 / 9100
3073 / 11214
2742 / 9750
1624 / 5937
3223 / 11711
2941 / 10462
2802 / 10068
1500 / 5460
2632 / 9546
1644 / 5976
1678 / 6129
1986 / 7520
3473 / 12539
2660 / 9632
2684 / 9615
1716 / 6306
2207 / 7920
1422 / 5167
1277 / 4613
3193 / 11554
1182 / 4279
1494 / 5437
3176 / 11515
777 / 2893
3107 / 11325
3237 / 11609
1638 / 6009
2770 / 9905
2914 / 10600
1675 / 6292
2544 / 9069
1461 / 5293
1478 / 5388
3407 / 12311
2946 / 10692
3331 / 12114
2841 / 10300
2943 / 10707
3303 / 11898
2234 / 7989
2713 / 9915
1784 / 6529
3169 / 11475
1394 / 5076
664 / 2517
983 / 3715
3345 / 12025
612 / 2269
3260 / 11902
2778 / 9970
612 / 2269
3054 / 11017
2469 / 9118
3345 / 12177
1279 / 4802
2153 / 7856
1720 / 6248
2705 / 9802
1539 / 5585
3069 / 11014
2332 / 8562
3181 / 11538
1631 / 5925
3144 / 11469
2503 / 9016
1406 / 5059
1174 / 4388
3463 / 12646
2536 / 9286
1389 / 5046
2848 / 10343
2855 / 10455
2770 / 10106
1190 / 4425
2750 / 10030
3340 / 12255
1432 / 5196
1274 / 4778
2243 / 8042
2035 / 7410
2724 / 9908
2710 / 9734
2090 / 7502
837 / 3141
2483 / 8779
2486 / 8787
1623 / 5836
2274 / 8248
2881 / 10390
2807 / 10080
3304 / 11953
1439 / 5213
2019 / 7343
775 / 2884
2902 / 10410
3106 / 11105
770 / 2868
1647 / 6018
1715 / 6257
2372 / 8501
1273 / 4794
3595 / 12986
2207 / 8183
3099 / 11174
1300 / 4676
1212 / 4364
2252 / 8236
626 / 2311
2998 / 10844
686 / 2597
3041 / 10952
2178 / 7920
2586 / 9628
1609 / 5881
2965 / 10764
1923 / 7022
1744 / 6414
3092 / 11090
1521 / 5549
3166 / 11473
1440 / 5242
2731 / 9836
2768 / 10041
2524 / 9138
3159 / 11311
2465 / 9076
3309 / 11866
3089 / 11146
1459 / 5299
2648 / 9299
794 / 2954
3299 / 12175
1981 / 7540
2784 / 9979
2808 / 10211
2955 / 10535
2479 / 9137
3432 / 12413
2821 / 10234
2950 / 10617
2745 / 9839
1594 / 6107
2885 / 10265
2432 / 8828
1025 / 3831
2634 / 9425
1033 / 3807
3437 / 12414
1534 / 5598
925 / 3487
1383 / 4987
2491 / 8916
2893 / 10267
1447 / 5259
2829 / 10301
2675 / 9683
822 / 3103
2996 / 10810
1472 / 5359
2640 / 9525
2821 / 10180
2491 / 8998
2429 / 8858
2650 / 9609
781 / 2895
2864 / 10417
2995 / 10700
2595 / 9329
2716 / 9893
1617 / 6247
3621 / 13108
3165 / 11407
2078 / 7640
2744 / 9899
1474 / 5374
3342 / 12080
3282 / 11741
3123 / 11268
2672 / 9677
1523 / 5529
1487 / 5420
1178 / 4257
2240 / 8173
2856 / 10206
2643 / 9719
3162 / 11416
1655 / 6225
2718 / 9720
3105 / 11212
2747 / 9854
3166 / 11284
1678 / 6140
662 / 2513
1177 / 4258
1727 / 6493
3273 / 11821
2819 / 10137
2062 / 7517
1452 / 5275
2795 / 10100
867 / 3228
2492 / 8825
1302 / 4735
2823 / 10232
2201 / 8219
3065 / 11094
3699 / 13488
1626 / 6090
1432 / 5195
2884 / 10391
1711 / 6421
3612 / 13151
1458 / 5312
1470 / 5339
3079 / 11183
2489 / 8849
3285 / 11828
794 / 2937
2753 / 9987
2794 / 10064
1480 / 5379
1178 / 4401
2639 / 9294
2450 / 9104
3176 / 11470
3524 / 12803
3127 / 11286
3497 / 12736
2696 / 9627
3394 / 12408
3319 / 11966
2826 / 10151
3073 / 11084
2713 / 9683
1590 / 5793
842 / 3168
3409 / 12470
2702 / 9636
2839 / 10358
1184 / 4276
1391 / 5063
1389 / 5019
3193 / 11517
3259 / 11601
2553 / 9297
1675 / 6107
2040 / 7635
810 / 3057
3086 / 11292
828 / 3108
3545 / 12816
826 / 3066
2607 / 9686
2582 / 9387
1687 / 6120
2681 / 9738
1435 / 5192
839 / 3152
2704 / 9767
1751 / 6330
2629 / 9242
1883 / 7114
2829 / 10182
2765 / 9960
3280 / 11713
2917 / 10498
3329 / 11991
2805 / 10119
1754 / 6438
3800 / 13831
1476 / 5367
1661 / 6070
1635 / 5909
3595 / 12940
1277 / 4809
2518 / 9188
1642 / 5998
1193 / 4313
1631 / 5953
665 / 2529
3287 / 11779
3254 / 11897
770 / 2868
750 / 2787
1268 / 4519
1225 / 4402
3064 / 10964
1289 / 4647
3071 / 11153
3691 / 13468
3163 / 11487
1405 / 5111
2781 / 9959
3090 / 11143
1637 / 5933
2759 / 9940
2808 / 10084
1207 / 4341
2984 / 10860
2697 / 9941
1792 / 6540
1630 / 6289
689 / 2613
2783 / 10131
3223 / 11695
3339 / 12221
2621 / 9376
3011 / 10932
2954 / 10561
1574 / 5740
1685 / 6188
3422 / 12214
2355 / 8639
958 / 3609
1386 / 5001
3231 / 11722
3041 / 10932
2505 / 8955
2960 / 10492
1398 / 5063
2738 / 9935
993 / 3764
3310 / 12021
1207 / 4360
2439 / 8976
2808 / 10051
1206 / 4332
2494 / 8811
1581 / 5761
1680 / 6131
1640 / 5993
1431 / 5216
3361 / 12169
1689 / 6134
1290 / 4707
3529 / 12668
2287 / 8406
1195 / 4450
2906 / 10502
846 / 3177
1493 / 5412
1040 / 3866
3449 / 12605
2962 / 10765
831 / 3125
2889 / 10370
3073 / 11153
2887 / 10499
2299 / 8191
2970 / 10892
3430 / 12401
703 / 2660
791 / 2942
697 / 2636
1405 / 5090
1692 / 6190
2322 / 8460
1186 / 4417
1690 / 6203
1662 / 6075
1500 / 5453
2807 / 10193
2696 / 9833
1577 / 6068
1448 / 5267
1524 / 5548
1493 / 5404
3472 / 12518
2908 / 10474
1213 / 4381
2408 / 8675
2052 / 7652
3583 / 13030
1624 / 5938
2936 / 10786
2968 / 10704
762 / 2878
3060 / 11094
1283 / 4811
3623 / 13204
872 / 3246
811 / 3052
1334 / 4818
1460 / 5291
1447 / 5259
770 / 2870
2932 / 10659
1293 / 4669
1455 / 5282
3399 / 12302
1946 / 7150
2648 / 9675
1605 / 5841
2225 / 7981
1456 / 5308
1192 / 4277
662 / 2513
1747 / 6350
2749 / 9911
1366 / 4944
2802 / 9988
2120 / 7826
2954 / 10629
1193 / 4309
3574 / 12872
662 / 2513
2745 / 9853
2815 / 10143
2252 / 8279
844 / 3174
669 / 2541
1627 / 5941
1409 / 5094
2818 / 10217
2546 / 9090
3164 / 11437
3020 / 10858
2745 / 9890
3437 / 12431
2777 / 9956
1480 / 5394
1376 / 4965
1614 / 5900
2805 / 10129
3061 / 11089
3695 / 13491
2696 / 9679
2406 / 8839
1182 / 4404
1585 / 5793
665 / 2529
1924 / 7037
1311 / 4754
3346 / 12005
2137 / 7766
3490 / 12760
1176 / 4252
785 / 2960
2161 / 7825
1180 / 4376
1443 / 5236
786 / 2962
2751 / 9899
2855 / 10313
2807 / 10068
2876 / 10265
1163 / 4207
1474 / 5363
1180 / 4227
849 / 3186
1653 / 6025
3583 / 13057
2341 / 8485
3595 / 13123
1644 / 6003
2513 / 9312
1660 / 6001
1282 / 4638
3176 / 11539
1220 / 4390
2828 / 10228
1332 / 4809
1373 / 4904
1622 / 5933
1620 / 5883
1370 / 4966
1633 / 5969
3285 / 11841
3386 / 12263
2910 / 10632
2830 / 10327
1898 / 6968
2240 / 8032
1428 / 5189
693 / 2619
2434 / 8837
3083 / 11050
2849 / 10238
1409 / 5080
1164 / 4215
2841 / 10165
1810 / 6577
1480 / 5389
1276 / 4800
3032 / 10962
2863 / 10352
2330 / 8512
901 / 3359
776 / 2903
2807 / 9996
3032 / 11088
2842 / 10233
2214 / 8114
1893 / 6960
2537 / 9253
2457 / 9087
2632 / 9679
3425 / 12396
1636 / 5987
1214 / 4366
1365 / 4947
2894 / 10321
2209 / 8215
3357 / 12170
2872 / 10232
1428 / 5189
1442 / 5256
1498 / 5444
2563 / 9293
3238 / 11800
3519 / 12761
1189 / 4420
2637 / 9295
1708 / 6193
2890 / 10576
1492 / 5398
1856 / 6796
1243 / 4418
1461 / 5297
2341 / 8603
1475 / 5355
848 / 3186
660 / 2507
1494 / 5431
1191 / 4431
3287 / 11898
2914 / 10537
2601 / 9349
1181 / 4269
3013 / 10734
2325 / 8536
1479 / 5377
1467 / 5320
2491 / 9241
1373 / 4949
2850 / 10330
2876 / 10381
1708 / 6163
2804 / 10089
3470 / 12539
3213 / 11648
1435 / 5171
1309 / 4707
3061 / 11052
2856 / 10230
2682 / 9736
802 / 3025
1058 / 3974
2974 / 10821
2691 / 9569
758 / 2838
3544 / 12831
3236 / 11717
3525 / 12646
2747 / 9972
3078 / 11001
1425 / 5179
2087 / 7698
1169 / 4176
1357 / 5024
1595 / 5759
